2022-11-02 13:44:50.758  INFO 12148 --- [restartedMain] rdFileUploadSpringBootMybatisApplication : Starting BoardFileUploadSpringBootMybatisApplication using Java 1.8.0_192 on DESKTOP-KVCQHCD with PID 12148 (C:\Users\SSAFY\Documents\SPRINGBOOT-BASIC\BoardFileUploadSpringBootMybatis\bin\main started by SSAFY in C:\Users\SSAFY\Documents\SPRINGBOOT-BASIC\BoardFileUploadSpringBootMybatis)
2022-11-02 13:44:50.760  INFO 12148 --- [restartedMain] rdFileUploadSpringBootMybatisApplication : No active profile set, falling back to 1 default profile: "default"
2022-11-02 13:44:50.785  INFO 12148 --- [restartedMain] .e.DevToolsPropertyDefaultsPostProcessor : Devtools property defaults active! Set 'spring.devtools.add-properties' to 'false' to disable
2022-11-02 13:44:50.786  INFO 12148 --- [restartedMain] .e.DevToolsPropertyDefaultsPostProcessor : For additional web related logging consider setting the 'logging.level.web' property to 'DEBUG'
2022-11-02 13:44:51.426  INFO 12148 --- [restartedMain] o.s.b.w.embedded.tomcat.TomcatWebServer  : Tomcat initialized with port(s): 8080 (http)
2022-11-02 13:44:51.431  INFO 12148 --- [restartedMain] o.apache.catalina.core.StandardService   : Starting service [Tomcat]
2022-11-02 13:44:51.431  INFO 12148 --- [restartedMain] org.apache.catalina.core.StandardEngine  : Starting Servlet engine: [Apache Tomcat/9.0.68]
2022-11-02 13:44:51.469  INFO 12148 --- [restartedMain] o.a.c.c.C.[Tomcat].[localhost].[/]       : Initializing Spring embedded WebApplicationContext
2022-11-02 13:44:51.469  INFO 12148 --- [restartedMain] w.s.c.ServletWebServerApplicationContext : Root WebApplicationContext: initialization completed in 683 ms
2022-11-02 13:44:51.740  INFO 12148 --- [restartedMain] o.s.b.a.w.s.WelcomePageHandlerMapping    : Adding welcome page: class path resource [static/index.html]
2022-11-02 13:44:51.906  INFO 12148 --- [restartedMain] o.s.b.d.a.OptionalLiveReloadServer       : LiveReload server is running on port 35729
2022-11-02 13:44:51.927  INFO 12148 --- [restartedMain] o.s.b.w.embedded.tomcat.TomcatWebServer  : Tomcat started on port(s): 8080 (http) with context path ''
2022-11-02 13:44:51.933  INFO 12148 --- [restartedMain] rdFileUploadSpringBootMybatisApplication : Started BoardFileUploadSpringBootMybatisApplication in 1.396 seconds (JVM running for 1.868)
2022-11-02 13:45:08.399  INFO 12148 --- [http-nio-8080-exec-1] o.a.c.c.C.[Tomcat].[localhost].[/]       : Initializing Spring DispatcherServlet 'dispatcherServlet'
2022-11-02 13:45:08.399  INFO 12148 --- [http-nio-8080-exec-1] o.s.web.servlet.DispatcherServlet        : Initializing Servlet 'dispatcherServlet'
2022-11-02 13:45:08.400  INFO 12148 --- [http-nio-8080-exec-1] o.s.web.servlet.DispatcherServlet        : Completed initialization in 1 ms
2022-11-02 13:45:13.133  INFO 12148 --- [http-nio-8080-exec-7] com.zaxxer.hikari.HikariDataSource       : HikariPool-1 - Starting...
2022-11-02 13:45:13.277  INFO 12148 --- [http-nio-8080-exec-7] com.zaxxer.hikari.HikariDataSource       : HikariPool-1 - Start completed.
2022-11-02 13:46:19.378  INFO 12148 --- [File Watcher] rtingClassPathChangeChangedEventListener : Restarting due to 1 class path change (0 additions, 1 deletion, 0 modifications)
2022-11-02 13:46:19.466  INFO 12148 --- [Thread-7] o.apache.catalina.core.StandardService   : Stopping service [Tomcat]
2022-11-02 13:46:19.467  INFO 12148 --- [Thread-7] o.a.c.c.C.[Tomcat].[localhost].[/]       : Destroying Spring FrameworkServlet 'dispatcherServlet'
2022-11-02 13:46:19.470  WARN 12148 --- [Thread-7] o.a.c.loader.WebappClassLoaderBase       : The web application [ROOT] appears to have started a thread named [HikariPool-1 housekeeper] but has failed to stop it. This is very likely to create a memory leak. Stack trace of thread:
 sun.misc.Unsafe.park(Native Method)
 java.util.concurrent.locks.LockSupport.parkNanos(LockSupport.java:215)
 java.util.concurrent.locks.AbstractQueuedSynchronizer$ConditionObject.awaitNanos(AbstractQueuedSynchronizer.java:2078)
 java.util.concurrent.ScheduledThreadPoolExecutor$DelayedWorkQueue.take(ScheduledThreadPoolExecutor.java:1093)
 java.util.concurrent.ScheduledThreadPoolExecutor$DelayedWorkQueue.take(ScheduledThreadPoolExecutor.java:809)
 java.util.concurrent.ThreadPoolExecutor.getTask(ThreadPoolExecutor.java:1074)
 java.util.concurrent.ThreadPoolExecutor.runWorker(ThreadPoolExecutor.java:1134)
 java.util.concurrent.ThreadPoolExecutor$Worker.run(ThreadPoolExecutor.java:624)
 java.lang.Thread.run(Thread.java:748)
2022-11-02 13:46:19.474  INFO 12148 --- [Thread-7] com.zaxxer.hikari.HikariDataSource       : HikariPool-1 - Shutdown initiated...
2022-11-02 13:46:19.481  INFO 12148 --- [Thread-7] com.zaxxer.hikari.HikariDataSource       : HikariPool-1 - Shutdown completed.
2022-11-02 13:46:19.591  INFO 12148 --- [restartedMain] rdFileUploadSpringBootMybatisApplication : Starting BoardFileUploadSpringBootMybatisApplication using Java 1.8.0_192 on DESKTOP-KVCQHCD with PID 12148 (C:\Users\SSAFY\Documents\SPRINGBOOT-BASIC\BoardFileUploadSpringBootMybatis\bin\main started by SSAFY in C:\Users\SSAFY\Documents\SPRINGBOOT-BASIC\BoardFileUploadSpringBootMybatis)
2022-11-02 13:46:19.591  INFO 12148 --- [restartedMain] rdFileUploadSpringBootMybatisApplication : No active profile set, falling back to 1 default profile: "default"
2022-11-02 13:46:19.758  INFO 12148 --- [restartedMain] o.s.b.w.embedded.tomcat.TomcatWebServer  : Tomcat initialized with port(s): 8080 (http)
2022-11-02 13:46:19.758  INFO 12148 --- [restartedMain] o.apache.catalina.core.StandardService   : Starting service [Tomcat]
2022-11-02 13:46:19.758  INFO 12148 --- [restartedMain] org.apache.catalina.core.StandardEngine  : Starting Servlet engine: [Apache Tomcat/9.0.68]
2022-11-02 13:46:19.765  INFO 12148 --- [restartedMain] o.a.c.c.C.[Tomcat].[localhost].[/]       : Initializing Spring embedded WebApplicationContext
2022-11-02 13:46:19.766  INFO 12148 --- [restartedMain] w.s.c.ServletWebServerApplicationContext : Root WebApplicationContext: initialization completed in 174 ms
2022-11-02 13:46:19.818  INFO 12148 --- [restartedMain] o.s.b.a.w.s.WelcomePageHandlerMapping    : Adding welcome page: class path resource [static/index.html]
2022-11-02 13:46:19.852  INFO 12148 --- [restartedMain] o.s.b.d.a.OptionalLiveReloadServer       : LiveReload server is running on port 35729
2022-11-02 13:46:19.859  INFO 12148 --- [restartedMain] o.s.b.w.embedded.tomcat.TomcatWebServer  : Tomcat started on port(s): 8080 (http) with context path ''
2022-11-02 13:46:19.862  INFO 12148 --- [restartedMain] rdFileUploadSpringBootMybatisApplication : Started BoardFileUploadSpringBootMybatisApplication in 0.291 seconds (JVM running for 89.797)
2022-11-02 13:46:19.866  INFO 12148 --- [restartedMain] .ConditionEvaluationDeltaLoggingListener : Condition evaluation unchanged
2022-11-02 13:46:20.234  INFO 12148 --- [RMI TCP Connection(13)-127.0.0.1] inMXBeanRegistrar$SpringApplicationAdmin : Application shutdown requested.
2022-11-02 13:46:20.314  INFO 12148 --- [RMI TCP Connection(13)-127.0.0.1] o.apache.catalina.core.StandardService   : Stopping service [Tomcat]
2022-11-02 13:50:19.810  INFO 14180 --- [restartedMain] rdFileUploadSpringBootMybatisApplication : Starting BoardFileUploadSpringBootMybatisApplication using Java 1.8.0_192 on DESKTOP-KVCQHCD with PID 14180 (C:\Users\SSAFY\Documents\SPRINGBOOT-BASIC\BoardFileUploadSpringBootMybatis\bin\main started by SSAFY in C:\Users\SSAFY\Documents\SPRINGBOOT-BASIC\BoardFileUploadSpringBootMybatis)
2022-11-02 13:50:19.811  INFO 14180 --- [restartedMain] rdFileUploadSpringBootMybatisApplication : No active profile set, falling back to 1 default profile: "default"
2022-11-02 13:50:19.835  INFO 14180 --- [restartedMain] .e.DevToolsPropertyDefaultsPostProcessor : Devtools property defaults active! Set 'spring.devtools.add-properties' to 'false' to disable
2022-11-02 13:50:19.835  INFO 14180 --- [restartedMain] .e.DevToolsPropertyDefaultsPostProcessor : For additional web related logging consider setting the 'logging.level.web' property to 'DEBUG'
2022-11-02 13:50:20.453  INFO 14180 --- [restartedMain] o.s.b.w.embedded.tomcat.TomcatWebServer  : Tomcat initialized with port(s): 8080 (http)
2022-11-02 13:50:20.458  INFO 14180 --- [restartedMain] o.apache.catalina.core.StandardService   : Starting service [Tomcat]
2022-11-02 13:50:20.458  INFO 14180 --- [restartedMain] org.apache.catalina.core.StandardEngine  : Starting Servlet engine: [Apache Tomcat/9.0.68]
2022-11-02 13:50:20.495  INFO 14180 --- [restartedMain] o.a.c.c.C.[Tomcat].[localhost].[/]       : Initializing Spring embedded WebApplicationContext
2022-11-02 13:50:20.496  INFO 14180 --- [restartedMain] w.s.c.ServletWebServerApplicationContext : Root WebApplicationContext: initialization completed in 660 ms
2022-11-02 13:50:20.755  INFO 14180 --- [restartedMain] o.s.b.a.w.s.WelcomePageHandlerMapping    : Adding welcome page: class path resource [static/index.html]
2022-11-02 13:50:20.917  INFO 14180 --- [restartedMain] o.s.b.d.a.OptionalLiveReloadServer       : LiveReload server is running on port 35729
2022-11-02 13:50:20.938  INFO 14180 --- [restartedMain] o.s.b.w.embedded.tomcat.TomcatWebServer  : Tomcat started on port(s): 8080 (http) with context path ''
2022-11-02 13:50:20.944  INFO 14180 --- [restartedMain] rdFileUploadSpringBootMybatisApplication : Started BoardFileUploadSpringBootMybatisApplication in 1.348 seconds (JVM running for 1.784)
2022-11-02 13:50:27.902  INFO 14180 --- [http-nio-8080-exec-1] o.a.c.c.C.[Tomcat].[localhost].[/]       : Initializing Spring DispatcherServlet 'dispatcherServlet'
2022-11-02 13:50:27.903  INFO 14180 --- [http-nio-8080-exec-1] o.s.web.servlet.DispatcherServlet        : Initializing Servlet 'dispatcherServlet'
2022-11-02 13:50:27.903  INFO 14180 --- [http-nio-8080-exec-1] o.s.web.servlet.DispatcherServlet        : Completed initialization in 0 ms
2022-11-02 13:54:15.123  INFO 14180 --- [File Watcher] rtingClassPathChangeChangedEventListener : Restarting due to 1 class path change (0 additions, 0 deletions, 1 modification)
2022-11-02 13:54:15.194  INFO 14180 --- [Thread-7] o.apache.catalina.core.StandardService   : Stopping service [Tomcat]
2022-11-02 13:54:15.195  INFO 14180 --- [Thread-7] o.a.c.c.C.[Tomcat].[localhost].[/]       : Destroying Spring FrameworkServlet 'dispatcherServlet'
2022-11-02 13:54:15.324  INFO 14180 --- [restartedMain] rdFileUploadSpringBootMybatisApplication : Starting BoardFileUploadSpringBootMybatisApplication using Java 1.8.0_192 on DESKTOP-KVCQHCD with PID 14180 (C:\Users\SSAFY\Documents\SPRINGBOOT-BASIC\BoardFileUploadSpringBootMybatis\bin\main started by SSAFY in C:\Users\SSAFY\Documents\SPRINGBOOT-BASIC\BoardFileUploadSpringBootMybatis)
2022-11-02 13:54:15.324  INFO 14180 --- [restartedMain] rdFileUploadSpringBootMybatisApplication : No active profile set, falling back to 1 default profile: "default"
2022-11-02 13:54:15.496  INFO 14180 --- [restartedMain] o.s.b.w.embedded.tomcat.TomcatWebServer  : Tomcat initialized with port(s): 8080 (http)
2022-11-02 13:54:15.496  INFO 14180 --- [restartedMain] o.apache.catalina.core.StandardService   : Starting service [Tomcat]
2022-11-02 13:54:15.496  INFO 14180 --- [restartedMain] org.apache.catalina.core.StandardEngine  : Starting Servlet engine: [Apache Tomcat/9.0.68]
2022-11-02 13:54:15.504  INFO 14180 --- [restartedMain] o.a.c.c.C.[Tomcat].[localhost].[/]       : Initializing Spring embedded WebApplicationContext
2022-11-02 13:54:15.505  INFO 14180 --- [restartedMain] w.s.c.ServletWebServerApplicationContext : Root WebApplicationContext: initialization completed in 179 ms
2022-11-02 13:54:15.565  INFO 14180 --- [restartedMain] o.s.b.a.w.s.WelcomePageHandlerMapping    : Adding welcome page: class path resource [static/index.html]
2022-11-02 13:54:15.602  INFO 14180 --- [restartedMain] o.s.b.d.a.OptionalLiveReloadServer       : LiveReload server is running on port 35729
2022-11-02 13:54:15.608  INFO 14180 --- [restartedMain] o.s.b.w.embedded.tomcat.TomcatWebServer  : Tomcat started on port(s): 8080 (http) with context path ''
2022-11-02 13:54:15.612  INFO 14180 --- [restartedMain] rdFileUploadSpringBootMybatisApplication : Started BoardFileUploadSpringBootMybatisApplication in 0.307 seconds (JVM running for 236.452)
2022-11-02 13:54:15.614  INFO 14180 --- [restartedMain] .ConditionEvaluationDeltaLoggingListener : Condition evaluation unchanged
2022-11-02 13:54:46.629  INFO 14180 --- [http-nio-8080-exec-2] o.a.c.c.C.[Tomcat].[localhost].[/]       : Initializing Spring DispatcherServlet 'dispatcherServlet'
2022-11-02 13:54:46.630  INFO 14180 --- [http-nio-8080-exec-2] o.s.web.servlet.DispatcherServlet        : Initializing Servlet 'dispatcherServlet'
2022-11-02 13:54:46.631  INFO 14180 --- [http-nio-8080-exec-2] o.s.web.servlet.DispatcherServlet        : Completed initialization in 1 ms
2022-11-02 13:54:50.134  INFO 14180 --- [RMI TCP Connection(18)-127.0.0.1] inMXBeanRegistrar$SpringApplicationAdmin : Application shutdown requested.
2022-11-02 13:54:50.216  INFO 14180 --- [RMI TCP Connection(18)-127.0.0.1] o.apache.catalina.core.StandardService   : Stopping service [Tomcat]
2022-11-02 13:54:50.218  INFO 14180 --- [RMI TCP Connection(18)-127.0.0.1] o.a.c.c.C.[Tomcat].[localhost].[/]       : Destroying Spring FrameworkServlet 'dispatcherServlet'
2022-11-02 13:54:56.879  INFO 464 --- [restartedMain] rdFileUploadSpringBootMybatisApplication : Starting BoardFileUploadSpringBootMybatisApplication using Java 1.8.0_192 on DESKTOP-KVCQHCD with PID 464 (C:\Users\SSAFY\Documents\SPRINGBOOT-BASIC\BoardFileUploadSpringBootMybatis\bin\main started by SSAFY in C:\Users\SSAFY\Documents\SPRINGBOOT-BASIC\BoardFileUploadSpringBootMybatis)
2022-11-02 13:54:56.880  INFO 464 --- [restartedMain] rdFileUploadSpringBootMybatisApplication : No active profile set, falling back to 1 default profile: "default"
2022-11-02 13:54:56.905  INFO 464 --- [restartedMain] .e.DevToolsPropertyDefaultsPostProcessor : Devtools property defaults active! Set 'spring.devtools.add-properties' to 'false' to disable
2022-11-02 13:54:56.905  INFO 464 --- [restartedMain] .e.DevToolsPropertyDefaultsPostProcessor : For additional web related logging consider setting the 'logging.level.web' property to 'DEBUG'
2022-11-02 13:54:57.516  INFO 464 --- [restartedMain] o.s.b.w.embedded.tomcat.TomcatWebServer  : Tomcat initialized with port(s): 8080 (http)
2022-11-02 13:54:57.521  INFO 464 --- [restartedMain] o.apache.catalina.core.StandardService   : Starting service [Tomcat]
2022-11-02 13:54:57.521  INFO 464 --- [restartedMain] org.apache.catalina.core.StandardEngine  : Starting Servlet engine: [Apache Tomcat/9.0.68]
2022-11-02 13:54:57.558  INFO 464 --- [restartedMain] o.a.c.c.C.[Tomcat].[localhost].[/]       : Initializing Spring embedded WebApplicationContext
2022-11-02 13:54:57.558  INFO 464 --- [restartedMain] w.s.c.ServletWebServerApplicationContext : Root WebApplicationContext: initialization completed in 652 ms
2022-11-02 13:54:57.819  INFO 464 --- [restartedMain] o.s.b.a.w.s.WelcomePageHandlerMapping    : Adding welcome page: class path resource [static/index.html]
2022-11-02 13:54:57.982  INFO 464 --- [restartedMain] o.s.b.d.a.OptionalLiveReloadServer       : LiveReload server is running on port 35729
2022-11-02 13:54:58.002  INFO 464 --- [restartedMain] o.s.b.w.embedded.tomcat.TomcatWebServer  : Tomcat started on port(s): 8080 (http) with context path ''
2022-11-02 13:54:58.009  INFO 464 --- [restartedMain] rdFileUploadSpringBootMybatisApplication : Started BoardFileUploadSpringBootMybatisApplication in 1.346 seconds (JVM running for 1.771)
2022-11-02 13:55:02.200  INFO 464 --- [http-nio-8080-exec-1] o.a.c.c.C.[Tomcat].[localhost].[/]       : Initializing Spring DispatcherServlet 'dispatcherServlet'
2022-11-02 13:55:02.200  INFO 464 --- [http-nio-8080-exec-1] o.s.web.servlet.DispatcherServlet        : Initializing Servlet 'dispatcherServlet'
2022-11-02 13:55:02.201  INFO 464 --- [http-nio-8080-exec-1] o.s.web.servlet.DispatcherServlet        : Completed initialization in 1 ms
2022-11-02 13:56:23.293  INFO 464 --- [RMI TCP Connection(12)-127.0.0.1] inMXBeanRegistrar$SpringApplicationAdmin : Application shutdown requested.
2022-11-02 13:56:23.375  INFO 464 --- [RMI TCP Connection(12)-127.0.0.1] o.apache.catalina.core.StandardService   : Stopping service [Tomcat]
2022-11-02 13:56:23.377  INFO 464 --- [RMI TCP Connection(12)-127.0.0.1] o.a.c.c.C.[Tomcat].[localhost].[/]       : Destroying Spring FrameworkServlet 'dispatcherServlet'
2022-11-02 13:56:27.078  INFO 5232 --- [restartedMain] rdFileUploadSpringBootMybatisApplication : Starting BoardFileUploadSpringBootMybatisApplication using Java 1.8.0_192 on DESKTOP-KVCQHCD with PID 5232 (C:\Users\SSAFY\Documents\SPRINGBOOT-BASIC\BoardFileUploadSpringBootMybatis\bin\main started by SSAFY in C:\Users\SSAFY\Documents\SPRINGBOOT-BASIC\BoardFileUploadSpringBootMybatis)
2022-11-02 13:56:27.079  INFO 5232 --- [restartedMain] rdFileUploadSpringBootMybatisApplication : No active profile set, falling back to 1 default profile: "default"
2022-11-02 13:56:27.103  INFO 5232 --- [restartedMain] .e.DevToolsPropertyDefaultsPostProcessor : Devtools property defaults active! Set 'spring.devtools.add-properties' to 'false' to disable
2022-11-02 13:56:27.104  INFO 5232 --- [restartedMain] .e.DevToolsPropertyDefaultsPostProcessor : For additional web related logging consider setting the 'logging.level.web' property to 'DEBUG'
2022-11-02 13:56:27.708  INFO 5232 --- [restartedMain] o.s.b.w.embedded.tomcat.TomcatWebServer  : Tomcat initialized with port(s): 8080 (http)
2022-11-02 13:56:27.713  INFO 5232 --- [restartedMain] o.apache.catalina.core.StandardService   : Starting service [Tomcat]
2022-11-02 13:56:27.714  INFO 5232 --- [restartedMain] org.apache.catalina.core.StandardEngine  : Starting Servlet engine: [Apache Tomcat/9.0.68]
2022-11-02 13:56:27.751  INFO 5232 --- [restartedMain] o.a.c.c.C.[Tomcat].[localhost].[/]       : Initializing Spring embedded WebApplicationContext
2022-11-02 13:56:27.751  INFO 5232 --- [restartedMain] w.s.c.ServletWebServerApplicationContext : Root WebApplicationContext: initialization completed in 647 ms
2022-11-02 13:56:28.019  INFO 5232 --- [restartedMain] o.s.b.a.w.s.WelcomePageHandlerMapping    : Adding welcome page: class path resource [static/index.html]
2022-11-02 13:56:28.187  INFO 5232 --- [restartedMain] o.s.b.d.a.OptionalLiveReloadServer       : LiveReload server is running on port 35729
2022-11-02 13:56:28.207  INFO 5232 --- [restartedMain] o.s.b.w.embedded.tomcat.TomcatWebServer  : Tomcat started on port(s): 8080 (http) with context path ''
2022-11-02 13:56:28.213  INFO 5232 --- [restartedMain] rdFileUploadSpringBootMybatisApplication : Started BoardFileUploadSpringBootMybatisApplication in 1.353 seconds (JVM running for 1.787)
2022-11-02 13:56:32.481  INFO 5232 --- [http-nio-8080-exec-1] o.a.c.c.C.[Tomcat].[localhost].[/]       : Initializing Spring DispatcherServlet 'dispatcherServlet'
2022-11-02 13:56:32.481  INFO 5232 --- [http-nio-8080-exec-1] o.s.web.servlet.DispatcherServlet        : Initializing Servlet 'dispatcherServlet'
2022-11-02 13:56:32.482  INFO 5232 --- [http-nio-8080-exec-1] o.s.web.servlet.DispatcherServlet        : Completed initialization in 1 ms
2022-11-02 14:36:08.017  INFO 5232 --- [RMI TCP Connection(49)-127.0.0.1] inMXBeanRegistrar$SpringApplicationAdmin : Application shutdown requested.
2022-11-02 14:36:08.101  INFO 5232 --- [RMI TCP Connection(49)-127.0.0.1] o.apache.catalina.core.StandardService   : Stopping service [Tomcat]
2022-11-02 14:36:08.102  INFO 5232 --- [RMI TCP Connection(49)-127.0.0.1] o.a.c.c.C.[Tomcat].[localhost].[/]       : Destroying Spring FrameworkServlet 'dispatcherServlet'
