2022-11-08 15:47:59.081  INFO 5956 --- [restartedMain] c.mycom.more.SpringBootMoreApplication   : Starting SpringBootMoreApplication using Java 1.8.0_192 on DESKTOP-KVCQHCD with PID 5956 (C:\Users\SSAFY\Documents\SPRINGBOOT-BASIC\SpringBootMore\bin\main started by SSAFY in C:\Users\SSAFY\Documents\SPRINGBOOT-BASIC\SpringBootMore)
2022-11-08 15:47:59.084  INFO 5956 --- [restartedMain] c.mycom.more.SpringBootMoreApplication   : No active profile set, falling back to 1 default profile: "default"
2022-11-08 15:47:59.110  INFO 5956 --- [restartedMain] .e.DevToolsPropertyDefaultsPostProcessor : Devtools property defaults active! Set 'spring.devtools.add-properties' to 'false' to disable
2022-11-08 15:47:59.111  INFO 5956 --- [restartedMain] .e.DevToolsPropertyDefaultsPostProcessor : For additional web related logging consider setting the 'logging.level.web' property to 'DEBUG'
2022-11-08 15:47:59.906  INFO 5956 --- [restartedMain] o.s.b.w.embedded.tomcat.TomcatWebServer  : Tomcat initialized with port(s): 8080 (http)
2022-11-08 15:47:59.911  INFO 5956 --- [restartedMain] o.apache.catalina.core.StandardService   : Starting service [Tomcat]
2022-11-08 15:47:59.911  INFO 5956 --- [restartedMain] org.apache.catalina.core.StandardEngine  : Starting Servlet engine: [Apache Tomcat/9.0.68]
2022-11-08 15:47:59.949  INFO 5956 --- [restartedMain] o.a.c.c.C.[Tomcat].[localhost].[/]       : Initializing Spring embedded WebApplicationContext
2022-11-08 15:47:59.949  INFO 5956 --- [restartedMain] w.s.c.ServletWebServerApplicationContext : Root WebApplicationContext: initialization completed in 838 ms
2022-11-08 15:48:00.319  WARN 5956 --- [restartedMain] ConfigServletWebServerApplicationContext : Exception encountered during context initialization - cancelling refresh attempt: org.springframework.beans.factory.BeanCreationException: Error creating bean with name 'requestMappingHandlerMapping' defined in class path resource [org/springframework/boot/autoconfigure/web/servlet/WebMvcAutoConfiguration$EnableWebMvcConfiguration.class]: Invocation of init method failed; nested exception is java.lang.IllegalStateException: Ambiguous mapping. Cannot map '/vue' method 
com.mycom.more.controller.StudentVueController#update(StudentDto)
to {PUT [/students/{studentId}]}: There is already 'studentController' bean method
com.mycom.more.controller.StudentController#update(StudentDto) mapped.
2022-11-08 15:48:00.321  INFO 5956 --- [restartedMain] o.apache.catalina.core.StandardService   : Stopping service [Tomcat]
2022-11-08 15:48:00.328  INFO 5956 --- [restartedMain] ConditionEvaluationReportLoggingListener : 

Error starting ApplicationContext. To display the conditions report re-run your application with 'debug' enabled.
2022-11-08 15:48:00.344 ERROR 5956 --- [restartedMain] o.s.boot.SpringApplication               : Application run failed

org.springframework.beans.factory.BeanCreationException: Error creating bean with name 'requestMappingHandlerMapping' defined in class path resource [org/springframework/boot/autoconfigure/web/servlet/WebMvcAutoConfiguration$EnableWebMvcConfiguration.class]: Invocation of init method failed; nested exception is java.lang.IllegalStateException: Ambiguous mapping. Cannot map '/vue' method 
com.mycom.more.controller.StudentVueController#update(StudentDto)
to {PUT [/students/{studentId}]}: There is already 'studentController' bean method
com.mycom.more.controller.StudentController#update(StudentDto) mapped.
	at org.springframework.beans.factory.support.AbstractAutowireCapableBeanFactory.initializeBean(AbstractAutowireCapableBeanFactory.java:1804) ~[spring-beans-5.3.23.jar:5.3.23]
	at org.springframework.beans.factory.support.AbstractAutowireCapableBeanFactory.doCreateBean(AbstractAutowireCapableBeanFactory.java:620) ~[spring-beans-5.3.23.jar:5.3.23]
	at org.springframework.beans.factory.support.AbstractAutowireCapableBeanFactory.createBean(AbstractAutowireCapableBeanFactory.java:542) ~[spring-beans-5.3.23.jar:5.3.23]
	at org.springframework.beans.factory.support.AbstractBeanFactory.lambda$doGetBean$0(AbstractBeanFactory.java:335) ~[spring-beans-5.3.23.jar:5.3.23]
	at org.springframework.beans.factory.support.DefaultSingletonBeanRegistry.getSingleton(DefaultSingletonBeanRegistry.java:234) ~[spring-beans-5.3.23.jar:5.3.23]
	at org.springframework.beans.factory.support.AbstractBeanFactory.doGetBean(AbstractBeanFactory.java:333) ~[spring-beans-5.3.23.jar:5.3.23]
	at org.springframework.beans.factory.support.AbstractBeanFactory.getBean(AbstractBeanFactory.java:208) ~[spring-beans-5.3.23.jar:5.3.23]
	at org.springframework.beans.factory.support.DefaultListableBeanFactory.preInstantiateSingletons(DefaultListableBeanFactory.java:955) ~[spring-beans-5.3.23.jar:5.3.23]
	at org.springframework.context.support.AbstractApplicationContext.finishBeanFactoryInitialization(AbstractApplicationContext.java:918) ~[spring-context-5.3.23.jar:5.3.23]
	at org.springframework.context.support.AbstractApplicationContext.refresh(AbstractApplicationContext.java:583) ~[spring-context-5.3.23.jar:5.3.23]
	at org.springframework.boot.web.servlet.context.ServletWebServerApplicationContext.refresh(ServletWebServerApplicationContext.java:147) ~[spring-boot-2.7.5.jar:2.7.5]
	at org.springframework.boot.SpringApplication.refresh(SpringApplication.java:734) [spring-boot-2.7.5.jar:2.7.5]
	at org.springframework.boot.SpringApplication.refreshContext(SpringApplication.java:408) [spring-boot-2.7.5.jar:2.7.5]
	at org.springframework.boot.SpringApplication.run(SpringApplication.java:308) [spring-boot-2.7.5.jar:2.7.5]
	at org.springframework.boot.SpringApplication.run(SpringApplication.java:1306) [spring-boot-2.7.5.jar:2.7.5]
	at org.springframework.boot.SpringApplication.run(SpringApplication.java:1295) [spring-boot-2.7.5.jar:2.7.5]
	at com.mycom.more.SpringBootMoreApplication.main(SpringBootMoreApplication.java:14) [main/:na]
	at sun.reflect.NativeMethodAccessorImpl.invoke0(Native Method) ~[na:1.8.0_192]
	at sun.reflect.NativeMethodAccessorImpl.invoke(NativeMethodAccessorImpl.java:62) ~[na:1.8.0_192]
	at sun.reflect.DelegatingMethodAccessorImpl.invoke(DelegatingMethodAccessorImpl.java:43) ~[na:1.8.0_192]
	at java.lang.reflect.Method.invoke(Method.java:498) ~[na:1.8.0_192]
	at org.springframework.boot.devtools.restart.RestartLauncher.run(RestartLauncher.java:49) [spring-boot-devtools-2.7.5.jar:2.7.5]
Caused by: java.lang.IllegalStateException: Ambiguous mapping. Cannot map '/vue' method 
com.mycom.more.controller.StudentVueController#update(StudentDto)
to {PUT [/students/{studentId}]}: There is already 'studentController' bean method
com.mycom.more.controller.StudentController#update(StudentDto) mapped.
	at org.springframework.web.servlet.handler.AbstractHandlerMethodMapping$MappingRegistry.validateMethodMapping(AbstractHandlerMethodMapping.java:669) ~[spring-webmvc-5.3.23.jar:5.3.23]
	at org.springframework.web.servlet.handler.AbstractHandlerMethodMapping$MappingRegistry.register(AbstractHandlerMethodMapping.java:635) ~[spring-webmvc-5.3.23.jar:5.3.23]
	at org.springframework.web.servlet.handler.AbstractHandlerMethodMapping.registerHandlerMethod(AbstractHandlerMethodMapping.java:332) ~[spring-webmvc-5.3.23.jar:5.3.23]
	at org.springframework.web.servlet.mvc.method.annotation.RequestMappingHandlerMapping.registerHandlerMethod(RequestMappingHandlerMapping.java:420) ~[spring-webmvc-5.3.23.jar:5.3.23]
	at org.springframework.web.servlet.mvc.method.annotation.RequestMappingHandlerMapping.registerHandlerMethod(RequestMappingHandlerMapping.java:76) ~[spring-webmvc-5.3.23.jar:5.3.23]
	at org.springframework.web.servlet.handler.AbstractHandlerMethodMapping.lambda$detectHandlerMethods$2(AbstractHandlerMethodMapping.java:299) ~[spring-webmvc-5.3.23.jar:5.3.23]
	at java.util.LinkedHashMap.forEach(LinkedHashMap.java:684) ~[na:1.8.0_192]
	at org.springframework.web.servlet.handler.AbstractHandlerMethodMapping.detectHandlerMethods(AbstractHandlerMethodMapping.java:297) ~[spring-webmvc-5.3.23.jar:5.3.23]
	at org.springframework.web.servlet.handler.AbstractHandlerMethodMapping.processCandidateBean(AbstractHandlerMethodMapping.java:266) ~[spring-webmvc-5.3.23.jar:5.3.23]
	at org.springframework.web.servlet.handler.AbstractHandlerMethodMapping.initHandlerMethods(AbstractHandlerMethodMapping.java:225) ~[spring-webmvc-5.3.23.jar:5.3.23]
	at org.springframework.web.servlet.handler.AbstractHandlerMethodMapping.afterPropertiesSet(AbstractHandlerMethodMapping.java:213) ~[spring-webmvc-5.3.23.jar:5.3.23]
	at org.springframework.web.servlet.mvc.method.annotation.RequestMappingHandlerMapping.afterPropertiesSet(RequestMappingHandlerMapping.java:205) ~[spring-webmvc-5.3.23.jar:5.3.23]
	at org.springframework.beans.factory.support.AbstractAutowireCapableBeanFactory.invokeInitMethods(AbstractAutowireCapableBeanFactory.java:1863) ~[spring-beans-5.3.23.jar:5.3.23]
	at org.springframework.beans.factory.support.AbstractAutowireCapableBeanFactory.initializeBean(AbstractAutowireCapableBeanFactory.java:1800) ~[spring-beans-5.3.23.jar:5.3.23]
	... 21 common frames omitted

2022-11-08 15:50:12.627  INFO 1752 --- [restartedMain] c.mycom.more.SpringBootMoreApplication   : Starting SpringBootMoreApplication using Java 1.8.0_192 on DESKTOP-KVCQHCD with PID 1752 (C:\Users\SSAFY\Documents\SPRINGBOOT-BASIC\SpringBootMore\bin\main started by SSAFY in C:\Users\SSAFY\Documents\SPRINGBOOT-BASIC\SpringBootMore)
2022-11-08 15:50:12.628  INFO 1752 --- [restartedMain] c.mycom.more.SpringBootMoreApplication   : No active profile set, falling back to 1 default profile: "default"
2022-11-08 15:50:12.653  INFO 1752 --- [restartedMain] .e.DevToolsPropertyDefaultsPostProcessor : Devtools property defaults active! Set 'spring.devtools.add-properties' to 'false' to disable
2022-11-08 15:50:12.653  INFO 1752 --- [restartedMain] .e.DevToolsPropertyDefaultsPostProcessor : For additional web related logging consider setting the 'logging.level.web' property to 'DEBUG'
2022-11-08 15:50:13.351  INFO 1752 --- [restartedMain] o.s.b.w.embedded.tomcat.TomcatWebServer  : Tomcat initialized with port(s): 8080 (http)
2022-11-08 15:50:13.356  INFO 1752 --- [restartedMain] o.apache.catalina.core.StandardService   : Starting service [Tomcat]
2022-11-08 15:50:13.356  INFO 1752 --- [restartedMain] org.apache.catalina.core.StandardEngine  : Starting Servlet engine: [Apache Tomcat/9.0.68]
2022-11-08 15:50:13.394  INFO 1752 --- [restartedMain] o.a.c.c.C.[Tomcat].[localhost].[/]       : Initializing Spring embedded WebApplicationContext
2022-11-08 15:50:13.394  INFO 1752 --- [restartedMain] w.s.c.ServletWebServerApplicationContext : Root WebApplicationContext: initialization completed in 741 ms
2022-11-08 15:50:13.871  INFO 1752 --- [restartedMain] o.s.b.d.a.OptionalLiveReloadServer       : LiveReload server is running on port 35729
2022-11-08 15:50:13.891  INFO 1752 --- [restartedMain] o.s.b.w.embedded.tomcat.TomcatWebServer  : Tomcat started on port(s): 8080 (http) with context path ''
2022-11-08 15:50:13.897  INFO 1752 --- [restartedMain] c.mycom.more.SpringBootMoreApplication   : Started SpringBootMoreApplication in 1.487 seconds (JVM running for 1.933)
2022-11-08 15:51:38.975  INFO 1752 --- [RMI TCP Connection(2)-127.0.0.1] inMXBeanRegistrar$SpringApplicationAdmin : Application shutdown requested.
2022-11-08 15:51:39.055  INFO 1752 --- [RMI TCP Connection(2)-127.0.0.1] o.apache.catalina.core.StandardService   : Stopping service [Tomcat]
2022-11-08 15:54:35.973  INFO 14056 --- [restartedMain] c.mycom.more.SpringBootMoreApplication   : Starting SpringBootMoreApplication using Java 1.8.0_192 on DESKTOP-KVCQHCD with PID 14056 (C:\Users\SSAFY\Documents\SPRINGBOOT-BASIC\SpringBootMore\bin\main started by SSAFY in C:\Users\SSAFY\Documents\SPRINGBOOT-BASIC\SpringBootMore)
2022-11-08 15:54:35.974  INFO 14056 --- [restartedMain] c.mycom.more.SpringBootMoreApplication   : No active profile set, falling back to 1 default profile: "default"
2022-11-08 15:54:35.998  INFO 14056 --- [restartedMain] .e.DevToolsPropertyDefaultsPostProcessor : Devtools property defaults active! Set 'spring.devtools.add-properties' to 'false' to disable
2022-11-08 15:54:35.998  INFO 14056 --- [restartedMain] .e.DevToolsPropertyDefaultsPostProcessor : For additional web related logging consider setting the 'logging.level.web' property to 'DEBUG'
2022-11-08 15:54:36.698  INFO 14056 --- [restartedMain] o.s.b.w.embedded.tomcat.TomcatWebServer  : Tomcat initialized with port(s): 8080 (http)
2022-11-08 15:54:36.702  INFO 14056 --- [restartedMain] o.apache.catalina.core.StandardService   : Starting service [Tomcat]
2022-11-08 15:54:36.703  INFO 14056 --- [restartedMain] org.apache.catalina.core.StandardEngine  : Starting Servlet engine: [Apache Tomcat/9.0.68]
2022-11-08 15:54:36.742  INFO 14056 --- [restartedMain] o.a.c.c.C.[Tomcat].[localhost].[/]       : Initializing Spring embedded WebApplicationContext
2022-11-08 15:54:36.742  INFO 14056 --- [restartedMain] w.s.c.ServletWebServerApplicationContext : Root WebApplicationContext: initialization completed in 744 ms
2022-11-08 15:54:37.208  INFO 14056 --- [restartedMain] o.s.b.d.a.OptionalLiveReloadServer       : LiveReload server is running on port 35729
2022-11-08 15:54:37.227  INFO 14056 --- [restartedMain] o.s.b.w.embedded.tomcat.TomcatWebServer  : Tomcat started on port(s): 8080 (http) with context path ''
2022-11-08 15:54:37.234  INFO 14056 --- [restartedMain] c.mycom.more.SpringBootMoreApplication   : Started SpringBootMoreApplication in 1.475 seconds (JVM running for 1.907)
2022-11-08 15:54:41.997  INFO 14056 --- [http-nio-8080-exec-2] o.a.c.c.C.[Tomcat].[localhost].[/]       : Initializing Spring DispatcherServlet 'dispatcherServlet'
2022-11-08 15:54:41.998  INFO 14056 --- [http-nio-8080-exec-2] o.s.web.servlet.DispatcherServlet        : Initializing Servlet 'dispatcherServlet'
2022-11-08 15:54:41.998  INFO 14056 --- [http-nio-8080-exec-2] o.s.web.servlet.DispatcherServlet        : Completed initialization in 0 ms
2022-11-08 15:54:42.014  INFO 14056 --- [http-nio-8080-exec-2] com.zaxxer.hikari.HikariDataSource       : HikariPool-1 - Starting...
2022-11-08 15:54:42.180  INFO 14056 --- [http-nio-8080-exec-2] com.zaxxer.hikari.HikariDataSource       : HikariPool-1 - Start completed.
2022-11-08 15:54:42.197 DEBUG 14056 --- [http-nio-8080-exec-2] com.mycom.more.dao.StudentDao.list       : ==>  Preparing: select student_id, student_nm, email, phone from student
2022-11-08 15:54:42.211 DEBUG 14056 --- [http-nio-8080-exec-2] com.mycom.more.dao.StudentDao.list       : ==> Parameters: 
2022-11-08 15:54:42.237 DEBUG 14056 --- [http-nio-8080-exec-2] com.mycom.more.dao.StudentDao.list       : <==      Total: 16
2022-11-08 16:08:39.009  INFO 14056 --- [File Watcher] rtingClassPathChangeChangedEventListener : Restarting due to 1 class path change (0 additions, 0 deletions, 1 modification)
2022-11-08 16:08:39.101  INFO 14056 --- [Thread-6] o.apache.catalina.core.StandardService   : Stopping service [Tomcat]
2022-11-08 16:08:39.102  INFO 14056 --- [Thread-6] o.a.c.c.C.[Tomcat].[localhost].[/]       : Destroying Spring FrameworkServlet 'dispatcherServlet'
2022-11-08 16:08:39.104  WARN 14056 --- [Thread-6] o.a.c.loader.WebappClassLoaderBase       : The web application [ROOT] appears to have started a thread named [HikariPool-1 housekeeper] but has failed to stop it. This is very likely to create a memory leak. Stack trace of thread:
 sun.misc.Unsafe.park(Native Method)
 java.util.concurrent.locks.LockSupport.parkNanos(LockSupport.java:215)
 java.util.concurrent.locks.AbstractQueuedSynchronizer$ConditionObject.awaitNanos(AbstractQueuedSynchronizer.java:2078)
 java.util.concurrent.ScheduledThreadPoolExecutor$DelayedWorkQueue.take(ScheduledThreadPoolExecutor.java:1093)
 java.util.concurrent.ScheduledThreadPoolExecutor$DelayedWorkQueue.take(ScheduledThreadPoolExecutor.java:809)
 java.util.concurrent.ThreadPoolExecutor.getTask(ThreadPoolExecutor.java:1074)
 java.util.concurrent.ThreadPoolExecutor.runWorker(ThreadPoolExecutor.java:1134)
 java.util.concurrent.ThreadPoolExecutor$Worker.run(ThreadPoolExecutor.java:624)
 java.lang.Thread.run(Thread.java:748)
2022-11-08 16:08:39.107  INFO 14056 --- [Thread-6] com.zaxxer.hikari.HikariDataSource       : HikariPool-1 - Shutdown initiated...
2022-11-08 16:08:39.116  INFO 14056 --- [Thread-6] com.zaxxer.hikari.HikariDataSource       : HikariPool-1 - Shutdown completed.
2022-11-08 16:08:39.205  INFO 14056 --- [restartedMain] c.mycom.more.SpringBootMoreApplication   : Starting SpringBootMoreApplication using Java 1.8.0_192 on DESKTOP-KVCQHCD with PID 14056 (C:\Users\SSAFY\Documents\SPRINGBOOT-BASIC\SpringBootMore\bin\main started by SSAFY in C:\Users\SSAFY\Documents\SPRINGBOOT-BASIC\SpringBootMore)
2022-11-08 16:08:39.205  INFO 14056 --- [restartedMain] c.mycom.more.SpringBootMoreApplication   : No active profile set, falling back to 1 default profile: "default"
2022-11-08 16:08:39.399  INFO 14056 --- [restartedMain] o.s.b.w.embedded.tomcat.TomcatWebServer  : Tomcat initialized with port(s): 8080 (http)
2022-11-08 16:08:39.399  INFO 14056 --- [restartedMain] o.apache.catalina.core.StandardService   : Starting service [Tomcat]
2022-11-08 16:08:39.399  INFO 14056 --- [restartedMain] org.apache.catalina.core.StandardEngine  : Starting Servlet engine: [Apache Tomcat/9.0.68]
2022-11-08 16:08:39.406  INFO 14056 --- [restartedMain] o.a.c.c.C.[Tomcat].[localhost].[/]       : Initializing Spring embedded WebApplicationContext
2022-11-08 16:08:39.407  INFO 14056 --- [restartedMain] w.s.c.ServletWebServerApplicationContext : Root WebApplicationContext: initialization completed in 201 ms
2022-11-08 16:08:39.577  INFO 14056 --- [restartedMain] o.s.b.d.a.OptionalLiveReloadServer       : LiveReload server is running on port 35729
2022-11-08 16:08:39.584  INFO 14056 --- [restartedMain] o.s.b.w.embedded.tomcat.TomcatWebServer  : Tomcat started on port(s): 8080 (http) with context path ''
2022-11-08 16:08:39.587  INFO 14056 --- [restartedMain] c.mycom.more.SpringBootMoreApplication   : Started SpringBootMoreApplication in 0.401 seconds (JVM running for 844.26)
2022-11-08 16:08:39.588  INFO 14056 --- [restartedMain] .ConditionEvaluationDeltaLoggingListener : Condition evaluation unchanged
2022-11-08 16:08:53.256  INFO 14056 --- [File Watcher] rtingClassPathChangeChangedEventListener : Restarting due to 1 class path change (0 additions, 0 deletions, 1 modification)
2022-11-08 16:08:53.347  INFO 14056 --- [Thread-8] o.apache.catalina.core.StandardService   : Stopping service [Tomcat]
2022-11-08 16:08:53.452  INFO 14056 --- [restartedMain] c.mycom.more.SpringBootMoreApplication   : Starting SpringBootMoreApplication using Java 1.8.0_192 on DESKTOP-KVCQHCD with PID 14056 (C:\Users\SSAFY\Documents\SPRINGBOOT-BASIC\SpringBootMore\bin\main started by SSAFY in C:\Users\SSAFY\Documents\SPRINGBOOT-BASIC\SpringBootMore)
2022-11-08 16:08:53.452  INFO 14056 --- [restartedMain] c.mycom.more.SpringBootMoreApplication   : No active profile set, falling back to 1 default profile: "default"
2022-11-08 16:08:53.605  INFO 14056 --- [restartedMain] o.s.b.w.embedded.tomcat.TomcatWebServer  : Tomcat initialized with port(s): 8080 (http)
2022-11-08 16:08:53.605  INFO 14056 --- [restartedMain] o.apache.catalina.core.StandardService   : Starting service [Tomcat]
2022-11-08 16:08:53.605  INFO 14056 --- [restartedMain] org.apache.catalina.core.StandardEngine  : Starting Servlet engine: [Apache Tomcat/9.0.68]
2022-11-08 16:08:53.612  INFO 14056 --- [restartedMain] o.a.c.c.C.[Tomcat].[localhost].[/]       : Initializing Spring embedded WebApplicationContext
2022-11-08 16:08:53.612  INFO 14056 --- [restartedMain] w.s.c.ServletWebServerApplicationContext : Root WebApplicationContext: initialization completed in 159 ms
2022-11-08 16:08:53.766  INFO 14056 --- [restartedMain] o.s.b.d.a.OptionalLiveReloadServer       : LiveReload server is running on port 35729
2022-11-08 16:08:53.773  INFO 14056 --- [restartedMain] o.s.b.w.embedded.tomcat.TomcatWebServer  : Tomcat started on port(s): 8080 (http) with context path ''
2022-11-08 16:08:53.776  INFO 14056 --- [restartedMain] c.mycom.more.SpringBootMoreApplication   : Started SpringBootMoreApplication in 0.342 seconds (JVM running for 858.449)
2022-11-08 16:08:53.776  INFO 14056 --- [restartedMain] .ConditionEvaluationDeltaLoggingListener : Condition evaluation unchanged
2022-11-08 16:09:06.450  INFO 14056 --- [File Watcher] rtingClassPathChangeChangedEventListener : Restarting due to 1 class path change (0 additions, 0 deletions, 1 modification)
2022-11-08 16:09:06.536  INFO 14056 --- [Thread-12] o.apache.catalina.core.StandardService   : Stopping service [Tomcat]
2022-11-08 16:09:06.655  INFO 14056 --- [restartedMain] c.mycom.more.SpringBootMoreApplication   : Starting SpringBootMoreApplication using Java 1.8.0_192 on DESKTOP-KVCQHCD with PID 14056 (C:\Users\SSAFY\Documents\SPRINGBOOT-BASIC\SpringBootMore\bin\main started by SSAFY in C:\Users\SSAFY\Documents\SPRINGBOOT-BASIC\SpringBootMore)
2022-11-08 16:09:06.655  INFO 14056 --- [restartedMain] c.mycom.more.SpringBootMoreApplication   : No active profile set, falling back to 1 default profile: "default"
2022-11-08 16:09:06.805  INFO 14056 --- [restartedMain] o.s.b.w.embedded.tomcat.TomcatWebServer  : Tomcat initialized with port(s): 8080 (http)
2022-11-08 16:09:06.805  INFO 14056 --- [restartedMain] o.apache.catalina.core.StandardService   : Starting service [Tomcat]
2022-11-08 16:09:06.805  INFO 14056 --- [restartedMain] org.apache.catalina.core.StandardEngine  : Starting Servlet engine: [Apache Tomcat/9.0.68]
2022-11-08 16:09:06.814  INFO 14056 --- [restartedMain] o.a.c.c.C.[Tomcat].[localhost].[/]       : Initializing Spring embedded WebApplicationContext
2022-11-08 16:09:06.814  INFO 14056 --- [restartedMain] w.s.c.ServletWebServerApplicationContext : Root WebApplicationContext: initialization completed in 158 ms
2022-11-08 16:09:06.966  INFO 14056 --- [restartedMain] o.s.b.d.a.OptionalLiveReloadServer       : LiveReload server is running on port 35729
2022-11-08 16:09:06.973  INFO 14056 --- [restartedMain] o.s.b.w.embedded.tomcat.TomcatWebServer  : Tomcat started on port(s): 8080 (http) with context path ''
2022-11-08 16:09:06.975  INFO 14056 --- [restartedMain] c.mycom.more.SpringBootMoreApplication   : Started SpringBootMoreApplication in 0.338 seconds (JVM running for 871.648)
2022-11-08 16:09:06.976  INFO 14056 --- [restartedMain] .ConditionEvaluationDeltaLoggingListener : Condition evaluation unchanged
2022-11-08 16:09:08.399  INFO 14056 --- [File Watcher] rtingClassPathChangeChangedEventListener : Restarting due to 1 class path change (0 additions, 0 deletions, 1 modification)
2022-11-08 16:09:08.474  INFO 14056 --- [Thread-16] o.apache.catalina.core.StandardService   : Stopping service [Tomcat]
2022-11-08 16:09:08.573  INFO 14056 --- [restartedMain] c.mycom.more.SpringBootMoreApplication   : Starting SpringBootMoreApplication using Java 1.8.0_192 on DESKTOP-KVCQHCD with PID 14056 (C:\Users\SSAFY\Documents\SPRINGBOOT-BASIC\SpringBootMore\bin\main started by SSAFY in C:\Users\SSAFY\Documents\SPRINGBOOT-BASIC\SpringBootMore)
2022-11-08 16:09:08.574  INFO 14056 --- [restartedMain] c.mycom.more.SpringBootMoreApplication   : No active profile set, falling back to 1 default profile: "default"
2022-11-08 16:09:08.715  INFO 14056 --- [restartedMain] o.s.b.w.embedded.tomcat.TomcatWebServer  : Tomcat initialized with port(s): 8080 (http)
2022-11-08 16:09:08.716  INFO 14056 --- [restartedMain] o.apache.catalina.core.StandardService   : Starting service [Tomcat]
2022-11-08 16:09:08.716  INFO 14056 --- [restartedMain] org.apache.catalina.core.StandardEngine  : Starting Servlet engine: [Apache Tomcat/9.0.68]
2022-11-08 16:09:08.724  INFO 14056 --- [restartedMain] o.a.c.c.C.[Tomcat].[localhost].[/]       : Initializing Spring embedded WebApplicationContext
2022-11-08 16:09:08.724  INFO 14056 --- [restartedMain] w.s.c.ServletWebServerApplicationContext : Root WebApplicationContext: initialization completed in 149 ms
2022-11-08 16:09:08.872  INFO 14056 --- [restartedMain] o.s.b.d.a.OptionalLiveReloadServer       : LiveReload server is running on port 35729
2022-11-08 16:09:08.878  INFO 14056 --- [restartedMain] o.s.b.w.embedded.tomcat.TomcatWebServer  : Tomcat started on port(s): 8080 (http) with context path ''
2022-11-08 16:09:08.881  INFO 14056 --- [restartedMain] c.mycom.more.SpringBootMoreApplication   : Started SpringBootMoreApplication in 0.323 seconds (JVM running for 873.553)
2022-11-08 16:09:08.881  INFO 14056 --- [restartedMain] .ConditionEvaluationDeltaLoggingListener : Condition evaluation unchanged
2022-11-08 16:09:26.643  INFO 14056 --- [File Watcher] rtingClassPathChangeChangedEventListener : Restarting due to 1 class path change (1 addition, 0 deletions, 0 modifications)
2022-11-08 16:09:26.733  INFO 14056 --- [Thread-20] o.apache.catalina.core.StandardService   : Stopping service [Tomcat]
2022-11-08 16:09:26.803  INFO 14056 --- [restartedMain] c.mycom.more.SpringBootMoreApplication   : Starting SpringBootMoreApplication using Java 1.8.0_192 on DESKTOP-KVCQHCD with PID 14056 (C:\Users\SSAFY\Documents\SPRINGBOOT-BASIC\SpringBootMore\bin\main started by SSAFY in C:\Users\SSAFY\Documents\SPRINGBOOT-BASIC\SpringBootMore)
2022-11-08 16:09:26.804  INFO 14056 --- [restartedMain] c.mycom.more.SpringBootMoreApplication   : No active profile set, falling back to 1 default profile: "default"
2022-11-08 16:09:26.976  INFO 14056 --- [restartedMain] o.s.b.w.embedded.tomcat.TomcatWebServer  : Tomcat initialized with port(s): 8080 (http)
2022-11-08 16:09:26.976  INFO 14056 --- [restartedMain] o.apache.catalina.core.StandardService   : Starting service [Tomcat]
2022-11-08 16:09:26.976  INFO 14056 --- [restartedMain] org.apache.catalina.core.StandardEngine  : Starting Servlet engine: [Apache Tomcat/9.0.68]
2022-11-08 16:09:26.983  INFO 14056 --- [restartedMain] o.a.c.c.C.[Tomcat].[localhost].[/]       : Initializing Spring embedded WebApplicationContext
2022-11-08 16:09:26.983  INFO 14056 --- [restartedMain] w.s.c.ServletWebServerApplicationContext : Root WebApplicationContext: initialization completed in 178 ms
2022-11-08 16:09:27.130  INFO 14056 --- [restartedMain] o.s.b.d.a.OptionalLiveReloadServer       : LiveReload server is running on port 35729
2022-11-08 16:09:27.136  INFO 14056 --- [restartedMain] o.s.b.w.embedded.tomcat.TomcatWebServer  : Tomcat started on port(s): 8080 (http) with context path ''
2022-11-08 16:09:27.139  INFO 14056 --- [restartedMain] c.mycom.more.SpringBootMoreApplication   : Started SpringBootMoreApplication in 0.351 seconds (JVM running for 891.811)
2022-11-08 16:09:27.139  INFO 14056 --- [restartedMain] .ConditionEvaluationDeltaLoggingListener : Condition evaluation unchanged
2022-11-08 16:09:32.490  INFO 14056 --- [RMI TCP Connection(2)-127.0.0.1] inMXBeanRegistrar$SpringApplicationAdmin : Application shutdown requested.
2022-11-08 16:09:32.572  INFO 14056 --- [RMI TCP Connection(2)-127.0.0.1] o.apache.catalina.core.StandardService   : Stopping service [Tomcat]
2022-11-08 16:18:12.244  INFO 13320 --- [restartedMain] c.mycom.more.SpringBootMoreApplication   : Starting SpringBootMoreApplication using Java 1.8.0_192 on DESKTOP-KVCQHCD with PID 13320 (C:\Users\SSAFY\Documents\SPRINGBOOT-BASIC\SpringBootMore\bin\main started by SSAFY in C:\Users\SSAFY\Documents\SPRINGBOOT-BASIC\SpringBootMore)
2022-11-08 16:18:12.245  INFO 13320 --- [restartedMain] c.mycom.more.SpringBootMoreApplication   : No active profile set, falling back to 1 default profile: "default"
2022-11-08 16:18:12.269  INFO 13320 --- [restartedMain] .e.DevToolsPropertyDefaultsPostProcessor : Devtools property defaults active! Set 'spring.devtools.add-properties' to 'false' to disable
2022-11-08 16:18:12.269  INFO 13320 --- [restartedMain] .e.DevToolsPropertyDefaultsPostProcessor : For additional web related logging consider setting the 'logging.level.web' property to 'DEBUG'
2022-11-08 16:18:12.966  INFO 13320 --- [restartedMain] o.s.b.w.embedded.tomcat.TomcatWebServer  : Tomcat initialized with port(s): 8080 (http)
2022-11-08 16:18:12.970  INFO 13320 --- [restartedMain] o.apache.catalina.core.StandardService   : Starting service [Tomcat]
2022-11-08 16:18:12.971  INFO 13320 --- [restartedMain] org.apache.catalina.core.StandardEngine  : Starting Servlet engine: [Apache Tomcat/9.0.68]
2022-11-08 16:18:13.008  INFO 13320 --- [restartedMain] o.a.c.c.C.[Tomcat].[localhost].[/]       : Initializing Spring embedded WebApplicationContext
2022-11-08 16:18:13.008  INFO 13320 --- [restartedMain] w.s.c.ServletWebServerApplicationContext : Root WebApplicationContext: initialization completed in 738 ms
2022-11-08 16:18:13.478  INFO 13320 --- [restartedMain] o.s.b.d.a.OptionalLiveReloadServer       : LiveReload server is running on port 35729
2022-11-08 16:18:13.499  INFO 13320 --- [restartedMain] o.s.b.w.embedded.tomcat.TomcatWebServer  : Tomcat started on port(s): 8080 (http) with context path ''
2022-11-08 16:18:13.506  INFO 13320 --- [restartedMain] c.mycom.more.SpringBootMoreApplication   : Started SpringBootMoreApplication in 1.477 seconds (JVM running for 1.912)
2022-11-08 16:18:22.170  INFO 13320 --- [http-nio-8080-exec-1] o.a.c.c.C.[Tomcat].[localhost].[/]       : Initializing Spring DispatcherServlet 'dispatcherServlet'
2022-11-08 16:18:22.170  INFO 13320 --- [http-nio-8080-exec-1] o.s.web.servlet.DispatcherServlet        : Initializing Servlet 'dispatcherServlet'
2022-11-08 16:18:22.171  INFO 13320 --- [http-nio-8080-exec-1] o.s.web.servlet.DispatcherServlet        : Completed initialization in 1 ms
2022-11-08 16:24:07.400  INFO 13320 --- [http-nio-8080-exec-1] com.zaxxer.hikari.HikariDataSource       : HikariPool-1 - Starting...
2022-11-08 16:24:07.533  INFO 13320 --- [http-nio-8080-exec-1] com.zaxxer.hikari.HikariDataSource       : HikariPool-1 - Start completed.
2022-11-08 16:24:07.550 DEBUG 13320 --- [http-nio-8080-exec-1] com.mycom.more.dao.StudentDao.list       : ==>  Preparing: select student_id, student_nm, email, phone from student
2022-11-08 16:24:07.562 DEBUG 13320 --- [http-nio-8080-exec-1] com.mycom.more.dao.StudentDao.list       : ==> Parameters: 
2022-11-08 16:24:07.575 DEBUG 13320 --- [http-nio-8080-exec-1] com.mycom.more.dao.StudentDao.list       : <==      Total: 16
2022-11-08 16:25:17.795  INFO 13320 --- [File Watcher] rtingClassPathChangeChangedEventListener : Restarting due to 1 class path change (0 additions, 0 deletions, 1 modification)
2022-11-08 16:25:17.871  INFO 13320 --- [Thread-6] o.apache.catalina.core.StandardService   : Stopping service [Tomcat]
2022-11-08 16:25:17.873  INFO 13320 --- [Thread-6] o.a.c.c.C.[Tomcat].[localhost].[/]       : Destroying Spring FrameworkServlet 'dispatcherServlet'
2022-11-08 16:25:17.880  WARN 13320 --- [Thread-6] o.a.c.loader.WebappClassLoaderBase       : The web application [ROOT] appears to have started a thread named [HikariPool-1 housekeeper] but has failed to stop it. This is very likely to create a memory leak. Stack trace of thread:
 sun.misc.Unsafe.park(Native Method)
 java.util.concurrent.locks.LockSupport.parkNanos(LockSupport.java:215)
 java.util.concurrent.locks.AbstractQueuedSynchronizer$ConditionObject.awaitNanos(AbstractQueuedSynchronizer.java:2078)
 java.util.concurrent.ScheduledThreadPoolExecutor$DelayedWorkQueue.take(ScheduledThreadPoolExecutor.java:1093)
 java.util.concurrent.ScheduledThreadPoolExecutor$DelayedWorkQueue.take(ScheduledThreadPoolExecutor.java:809)
 java.util.concurrent.ThreadPoolExecutor.getTask(ThreadPoolExecutor.java:1074)
 java.util.concurrent.ThreadPoolExecutor.runWorker(ThreadPoolExecutor.java:1134)
 java.util.concurrent.ThreadPoolExecutor$Worker.run(ThreadPoolExecutor.java:624)
 java.lang.Thread.run(Thread.java:748)
2022-11-08 16:25:17.886  INFO 13320 --- [Thread-6] com.zaxxer.hikari.HikariDataSource       : HikariPool-1 - Shutdown initiated...
2022-11-08 16:25:17.900  INFO 13320 --- [Thread-6] com.zaxxer.hikari.HikariDataSource       : HikariPool-1 - Shutdown completed.
2022-11-08 16:25:17.991  INFO 13320 --- [restartedMain] c.mycom.more.SpringBootMoreApplication   : Starting SpringBootMoreApplication using Java 1.8.0_192 on DESKTOP-KVCQHCD with PID 13320 (C:\Users\SSAFY\Documents\SPRINGBOOT-BASIC\SpringBootMore\bin\main started by SSAFY in C:\Users\SSAFY\Documents\SPRINGBOOT-BASIC\SpringBootMore)
2022-11-08 16:25:17.991  INFO 13320 --- [restartedMain] c.mycom.more.SpringBootMoreApplication   : No active profile set, falling back to 1 default profile: "default"
2022-11-08 16:25:18.183  INFO 13320 --- [restartedMain] o.s.b.w.embedded.tomcat.TomcatWebServer  : Tomcat initialized with port(s): 8080 (http)
2022-11-08 16:25:18.184  INFO 13320 --- [restartedMain] o.apache.catalina.core.StandardService   : Starting service [Tomcat]
2022-11-08 16:25:18.184  INFO 13320 --- [restartedMain] org.apache.catalina.core.StandardEngine  : Starting Servlet engine: [Apache Tomcat/9.0.68]
2022-11-08 16:25:18.191  INFO 13320 --- [restartedMain] o.a.c.c.C.[Tomcat].[localhost].[/]       : Initializing Spring embedded WebApplicationContext
2022-11-08 16:25:18.192  INFO 13320 --- [restartedMain] w.s.c.ServletWebServerApplicationContext : Root WebApplicationContext: initialization completed in 199 ms
2022-11-08 16:25:18.370  INFO 13320 --- [restartedMain] o.s.b.d.a.OptionalLiveReloadServer       : LiveReload server is running on port 35729
2022-11-08 16:25:18.377  INFO 13320 --- [restartedMain] o.s.b.w.embedded.tomcat.TomcatWebServer  : Tomcat started on port(s): 8080 (http) with context path ''
2022-11-08 16:25:18.380  INFO 13320 --- [restartedMain] c.mycom.more.SpringBootMoreApplication   : Started SpringBootMoreApplication in 0.409 seconds (JVM running for 426.786)
2022-11-08 16:25:18.381  INFO 13320 --- [restartedMain] .ConditionEvaluationDeltaLoggingListener : Condition evaluation unchanged
2022-11-08 16:25:45.498  INFO 13320 --- [RMI TCP Connection(11)-127.0.0.1] inMXBeanRegistrar$SpringApplicationAdmin : Application shutdown requested.
2022-11-08 16:25:45.579  INFO 13320 --- [RMI TCP Connection(11)-127.0.0.1] o.apache.catalina.core.StandardService   : Stopping service [Tomcat]
2022-11-08 16:25:48.947  INFO 12864 --- [restartedMain] c.mycom.more.SpringBootMoreApplication   : Starting SpringBootMoreApplication using Java 1.8.0_192 on DESKTOP-KVCQHCD with PID 12864 (C:\Users\SSAFY\Documents\SPRINGBOOT-BASIC\SpringBootMore\bin\main started by SSAFY in C:\Users\SSAFY\Documents\SPRINGBOOT-BASIC\SpringBootMore)
2022-11-08 16:25:48.948  INFO 12864 --- [restartedMain] c.mycom.more.SpringBootMoreApplication   : No active profile set, falling back to 1 default profile: "default"
2022-11-08 16:25:48.973  INFO 12864 --- [restartedMain] .e.DevToolsPropertyDefaultsPostProcessor : Devtools property defaults active! Set 'spring.devtools.add-properties' to 'false' to disable
2022-11-08 16:25:48.973  INFO 12864 --- [restartedMain] .e.DevToolsPropertyDefaultsPostProcessor : For additional web related logging consider setting the 'logging.level.web' property to 'DEBUG'
2022-11-08 16:25:49.668  INFO 12864 --- [restartedMain] o.s.b.w.embedded.tomcat.TomcatWebServer  : Tomcat initialized with port(s): 8080 (http)
2022-11-08 16:25:49.673  INFO 12864 --- [restartedMain] o.apache.catalina.core.StandardService   : Starting service [Tomcat]
2022-11-08 16:25:49.673  INFO 12864 --- [restartedMain] org.apache.catalina.core.StandardEngine  : Starting Servlet engine: [Apache Tomcat/9.0.68]
2022-11-08 16:25:49.711  INFO 12864 --- [restartedMain] o.a.c.c.C.[Tomcat].[localhost].[/]       : Initializing Spring embedded WebApplicationContext
2022-11-08 16:25:49.711  INFO 12864 --- [restartedMain] w.s.c.ServletWebServerApplicationContext : Root WebApplicationContext: initialization completed in 738 ms
2022-11-08 16:25:50.194  INFO 12864 --- [restartedMain] o.s.b.d.a.OptionalLiveReloadServer       : LiveReload server is running on port 35729
2022-11-08 16:25:50.213  INFO 12864 --- [restartedMain] o.s.b.w.embedded.tomcat.TomcatWebServer  : Tomcat started on port(s): 8080 (http) with context path ''
2022-11-08 16:25:50.220  INFO 12864 --- [restartedMain] c.mycom.more.SpringBootMoreApplication   : Started SpringBootMoreApplication in 1.488 seconds (JVM running for 1.918)
2022-11-08 16:31:14.678  INFO 12864 --- [http-nio-8080-exec-1] o.a.c.c.C.[Tomcat].[localhost].[/]       : Initializing Spring DispatcherServlet 'dispatcherServlet'
2022-11-08 16:31:14.678  INFO 12864 --- [http-nio-8080-exec-1] o.s.web.servlet.DispatcherServlet        : Initializing Servlet 'dispatcherServlet'
2022-11-08 16:31:14.679  INFO 12864 --- [http-nio-8080-exec-1] o.s.web.servlet.DispatcherServlet        : Completed initialization in 0 ms
2022-11-08 16:36:15.057  INFO 12864 --- [File Watcher] rtingClassPathChangeChangedEventListener : Restarting due to 2 class path changes (0 additions, 0 deletions, 2 modifications)
2022-11-08 16:36:15.125  INFO 12864 --- [Thread-7] o.apache.catalina.core.StandardService   : Stopping service [Tomcat]
2022-11-08 16:36:15.126  INFO 12864 --- [Thread-7] o.a.c.c.C.[Tomcat].[localhost].[/]       : Destroying Spring FrameworkServlet 'dispatcherServlet'
2022-11-08 16:36:15.240  INFO 12864 --- [restartedMain] c.mycom.more.SpringBootMoreApplication   : Starting SpringBootMoreApplication using Java 1.8.0_192 on DESKTOP-KVCQHCD with PID 12864 (C:\Users\SSAFY\Documents\SPRINGBOOT-BASIC\SpringBootMore\bin\main started by SSAFY in C:\Users\SSAFY\Documents\SPRINGBOOT-BASIC\SpringBootMore)
2022-11-08 16:36:15.240  INFO 12864 --- [restartedMain] c.mycom.more.SpringBootMoreApplication   : No active profile set, falling back to 1 default profile: "default"
2022-11-08 16:36:15.443  INFO 12864 --- [restartedMain] o.s.b.w.embedded.tomcat.TomcatWebServer  : Tomcat initialized with port(s): 8080 (http)
2022-11-08 16:36:15.444  INFO 12864 --- [restartedMain] o.apache.catalina.core.StandardService   : Starting service [Tomcat]
2022-11-08 16:36:15.444  INFO 12864 --- [restartedMain] org.apache.catalina.core.StandardEngine  : Starting Servlet engine: [Apache Tomcat/9.0.68]
2022-11-08 16:36:15.452  INFO 12864 --- [restartedMain] o.a.c.c.C.[Tomcat].[localhost].[/]       : Initializing Spring embedded WebApplicationContext
2022-11-08 16:36:15.452  INFO 12864 --- [restartedMain] w.s.c.ServletWebServerApplicationContext : Root WebApplicationContext: initialization completed in 210 ms
2022-11-08 16:36:15.617  INFO 12864 --- [restartedMain] o.s.b.d.a.OptionalLiveReloadServer       : LiveReload server is running on port 35729
2022-11-08 16:36:15.624  INFO 12864 --- [restartedMain] o.s.b.w.embedded.tomcat.TomcatWebServer  : Tomcat started on port(s): 8080 (http) with context path ''
2022-11-08 16:36:15.627  INFO 12864 --- [restartedMain] c.mycom.more.SpringBootMoreApplication   : Started SpringBootMoreApplication in 0.405 seconds (JVM running for 627.325)
2022-11-08 16:36:15.629  INFO 12864 --- [restartedMain] .ConditionEvaluationDeltaLoggingListener : Condition evaluation unchanged
2022-11-08 16:36:16.905  INFO 12864 --- [http-nio-8080-exec-1] o.a.c.c.C.[Tomcat].[localhost].[/]       : Initializing Spring DispatcherServlet 'dispatcherServlet'
2022-11-08 16:36:16.906  INFO 12864 --- [http-nio-8080-exec-1] o.s.web.servlet.DispatcherServlet        : Initializing Servlet 'dispatcherServlet'
2022-11-08 16:36:16.907  INFO 12864 --- [http-nio-8080-exec-1] o.s.web.servlet.DispatcherServlet        : Completed initialization in 1 ms
2022-11-08 16:36:31.941  INFO 12864 --- [RMI TCP Connection(18)-127.0.0.1] inMXBeanRegistrar$SpringApplicationAdmin : Application shutdown requested.
2022-11-08 16:36:32.005  INFO 12864 --- [RMI TCP Connection(18)-127.0.0.1] o.apache.catalina.core.StandardService   : Stopping service [Tomcat]
2022-11-08 16:36:32.007  INFO 12864 --- [RMI TCP Connection(18)-127.0.0.1] o.a.c.c.C.[Tomcat].[localhost].[/]       : Destroying Spring FrameworkServlet 'dispatcherServlet'
2022-11-08 16:36:35.361  INFO 7984 --- [restartedMain] c.mycom.more.SpringBootMoreApplication   : Starting SpringBootMoreApplication using Java 1.8.0_192 on DESKTOP-KVCQHCD with PID 7984 (C:\Users\SSAFY\Documents\SPRINGBOOT-BASIC\SpringBootMore\bin\main started by SSAFY in C:\Users\SSAFY\Documents\SPRINGBOOT-BASIC\SpringBootMore)
2022-11-08 16:36:35.362  INFO 7984 --- [restartedMain] c.mycom.more.SpringBootMoreApplication   : No active profile set, falling back to 1 default profile: "default"
2022-11-08 16:36:35.387  INFO 7984 --- [restartedMain] .e.DevToolsPropertyDefaultsPostProcessor : Devtools property defaults active! Set 'spring.devtools.add-properties' to 'false' to disable
2022-11-08 16:36:35.387  INFO 7984 --- [restartedMain] .e.DevToolsPropertyDefaultsPostProcessor : For additional web related logging consider setting the 'logging.level.web' property to 'DEBUG'
2022-11-08 16:36:36.081  INFO 7984 --- [restartedMain] o.s.b.w.embedded.tomcat.TomcatWebServer  : Tomcat initialized with port(s): 8080 (http)
2022-11-08 16:36:36.086  INFO 7984 --- [restartedMain] o.apache.catalina.core.StandardService   : Starting service [Tomcat]
2022-11-08 16:36:36.086  INFO 7984 --- [restartedMain] org.apache.catalina.core.StandardEngine  : Starting Servlet engine: [Apache Tomcat/9.0.68]
2022-11-08 16:36:36.125  INFO 7984 --- [restartedMain] o.a.c.c.C.[Tomcat].[localhost].[/]       : Initializing Spring embedded WebApplicationContext
2022-11-08 16:36:36.125  INFO 7984 --- [restartedMain] w.s.c.ServletWebServerApplicationContext : Root WebApplicationContext: initialization completed in 738 ms
2022-11-08 16:36:36.617  INFO 7984 --- [restartedMain] o.s.b.d.a.OptionalLiveReloadServer       : LiveReload server is running on port 35729
2022-11-08 16:36:36.637  INFO 7984 --- [restartedMain] o.s.b.w.embedded.tomcat.TomcatWebServer  : Tomcat started on port(s): 8080 (http) with context path ''
2022-11-08 16:36:36.644  INFO 7984 --- [restartedMain] c.mycom.more.SpringBootMoreApplication   : Started SpringBootMoreApplication in 1.502 seconds (JVM running for 1.931)
2022-11-08 16:36:37.969  INFO 7984 --- [http-nio-8080-exec-1] o.a.c.c.C.[Tomcat].[localhost].[/]       : Initializing Spring DispatcherServlet 'dispatcherServlet'
2022-11-08 16:36:37.969  INFO 7984 --- [http-nio-8080-exec-1] o.s.web.servlet.DispatcherServlet        : Initializing Servlet 'dispatcherServlet'
2022-11-08 16:36:37.970  INFO 7984 --- [http-nio-8080-exec-1] o.s.web.servlet.DispatcherServlet        : Completed initialization in 1 ms
2022-11-08 16:37:42.348  INFO 7984 --- [File Watcher] rtingClassPathChangeChangedEventListener : Restarting due to 1 class path change (0 additions, 0 deletions, 1 modification)
2022-11-08 16:37:42.438  INFO 7984 --- [Thread-7] o.apache.catalina.core.StandardService   : Stopping service [Tomcat]
2022-11-08 16:37:42.439  INFO 7984 --- [Thread-7] o.a.c.c.C.[Tomcat].[localhost].[/]       : Destroying Spring FrameworkServlet 'dispatcherServlet'
2022-11-08 16:37:42.556  INFO 7984 --- [restartedMain] c.mycom.more.SpringBootMoreApplication   : Starting SpringBootMoreApplication using Java 1.8.0_192 on DESKTOP-KVCQHCD with PID 7984 (C:\Users\SSAFY\Documents\SPRINGBOOT-BASIC\SpringBootMore\bin\main started by SSAFY in C:\Users\SSAFY\Documents\SPRINGBOOT-BASIC\SpringBootMore)
2022-11-08 16:37:42.556  INFO 7984 --- [restartedMain] c.mycom.more.SpringBootMoreApplication   : No active profile set, falling back to 1 default profile: "default"
2022-11-08 16:37:42.759  INFO 7984 --- [restartedMain] o.s.b.w.embedded.tomcat.TomcatWebServer  : Tomcat initialized with port(s): 8080 (http)
2022-11-08 16:37:42.759  INFO 7984 --- [restartedMain] o.apache.catalina.core.StandardService   : Starting service [Tomcat]
2022-11-08 16:37:42.759  INFO 7984 --- [restartedMain] org.apache.catalina.core.StandardEngine  : Starting Servlet engine: [Apache Tomcat/9.0.68]
2022-11-08 16:37:42.768  INFO 7984 --- [restartedMain] o.a.c.c.C.[Tomcat].[localhost].[/]       : Initializing Spring embedded WebApplicationContext
2022-11-08 16:37:42.768  INFO 7984 --- [restartedMain] w.s.c.ServletWebServerApplicationContext : Root WebApplicationContext: initialization completed in 211 ms
2022-11-08 16:37:42.940  INFO 7984 --- [restartedMain] o.s.b.d.a.OptionalLiveReloadServer       : LiveReload server is running on port 35729
2022-11-08 16:37:42.947  INFO 7984 --- [restartedMain] o.s.b.w.embedded.tomcat.TomcatWebServer  : Tomcat started on port(s): 8080 (http) with context path ''
2022-11-08 16:37:42.950  INFO 7984 --- [restartedMain] c.mycom.more.SpringBootMoreApplication   : Started SpringBootMoreApplication in 0.413 seconds (JVM running for 68.237)
2022-11-08 16:37:42.952  INFO 7984 --- [restartedMain] .ConditionEvaluationDeltaLoggingListener : Condition evaluation unchanged
2022-11-08 16:37:44.376  INFO 7984 --- [File Watcher] rtingClassPathChangeChangedEventListener : Restarting due to 1 class path change (0 additions, 0 deletions, 1 modification)
2022-11-08 16:37:44.453  INFO 7984 --- [Thread-13] o.apache.catalina.core.StandardService   : Stopping service [Tomcat]
2022-11-08 16:37:44.560  INFO 7984 --- [restartedMain] c.mycom.more.SpringBootMoreApplication   : Starting SpringBootMoreApplication using Java 1.8.0_192 on DESKTOP-KVCQHCD with PID 7984 (C:\Users\SSAFY\Documents\SPRINGBOOT-BASIC\SpringBootMore\bin\main started by SSAFY in C:\Users\SSAFY\Documents\SPRINGBOOT-BASIC\SpringBootMore)
2022-11-08 16:37:44.560  INFO 7984 --- [restartedMain] c.mycom.more.SpringBootMoreApplication   : No active profile set, falling back to 1 default profile: "default"
2022-11-08 16:37:44.715  INFO 7984 --- [restartedMain] o.s.b.w.embedded.tomcat.TomcatWebServer  : Tomcat initialized with port(s): 8080 (http)
2022-11-08 16:37:44.715  INFO 7984 --- [restartedMain] o.apache.catalina.core.StandardService   : Starting service [Tomcat]
2022-11-08 16:37:44.715  INFO 7984 --- [restartedMain] org.apache.catalina.core.StandardEngine  : Starting Servlet engine: [Apache Tomcat/9.0.68]
2022-11-08 16:37:44.723  INFO 7984 --- [restartedMain] o.a.c.c.C.[Tomcat].[localhost].[/]       : Initializing Spring embedded WebApplicationContext
2022-11-08 16:37:44.723  INFO 7984 --- [restartedMain] w.s.c.ServletWebServerApplicationContext : Root WebApplicationContext: initialization completed in 162 ms
2022-11-08 16:37:44.878  INFO 7984 --- [restartedMain] o.s.b.d.a.OptionalLiveReloadServer       : LiveReload server is running on port 35729
2022-11-08 16:37:44.884  INFO 7984 --- [restartedMain] o.s.b.w.embedded.tomcat.TomcatWebServer  : Tomcat started on port(s): 8080 (http) with context path ''
2022-11-08 16:37:44.888  INFO 7984 --- [restartedMain] c.mycom.more.SpringBootMoreApplication   : Started SpringBootMoreApplication in 0.345 seconds (JVM running for 70.175)
2022-11-08 16:37:44.889  INFO 7984 --- [restartedMain] .ConditionEvaluationDeltaLoggingListener : Condition evaluation unchanged
2022-11-08 16:37:45.919  INFO 7984 --- [http-nio-8080-exec-1] o.a.c.c.C.[Tomcat].[localhost].[/]       : Initializing Spring DispatcherServlet 'dispatcherServlet'
2022-11-08 16:37:45.920  INFO 7984 --- [http-nio-8080-exec-1] o.s.web.servlet.DispatcherServlet        : Initializing Servlet 'dispatcherServlet'
2022-11-08 16:37:45.921  INFO 7984 --- [http-nio-8080-exec-1] o.s.web.servlet.DispatcherServlet        : Completed initialization in 1 ms
2022-11-08 16:37:45.930  INFO 7984 --- [http-nio-8080-exec-1] com.zaxxer.hikari.HikariDataSource       : HikariPool-1 - Starting...
2022-11-08 16:37:46.116  INFO 7984 --- [http-nio-8080-exec-1] com.zaxxer.hikari.HikariDataSource       : HikariPool-1 - Start completed.
2022-11-08 16:37:46.133 DEBUG 7984 --- [http-nio-8080-exec-1] com.mycom.more.dao.StudentDao.list       : ==>  Preparing: select student_id, student_nm, email, phone from student
2022-11-08 16:37:46.146 DEBUG 7984 --- [http-nio-8080-exec-1] com.mycom.more.dao.StudentDao.list       : ==> Parameters: 
2022-11-08 16:37:46.160 DEBUG 7984 --- [http-nio-8080-exec-1] com.mycom.more.dao.StudentDao.list       : <==      Total: 16
2022-11-08 16:37:49.541 DEBUG 7984 --- [http-nio-8080-exec-3] com.mycom.more.dao.StudentDao.detail     : ==>  Preparing: select student_id, student_nm, email, phone from student where student_id = ?
2022-11-08 16:37:49.541 DEBUG 7984 --- [http-nio-8080-exec-3] com.mycom.more.dao.StudentDao.detail     : ==> Parameters: 1(Integer)
2022-11-08 16:37:49.543 DEBUG 7984 --- [http-nio-8080-exec-3] com.mycom.more.dao.StudentDao.detail     : <==      Total: 1
2022-11-08 16:37:50.173 DEBUG 7984 --- [http-nio-8080-exec-2] com.mycom.more.dao.StudentDao.detail     : ==>  Preparing: select student_id, student_nm, email, phone from student where student_id = ?
2022-11-08 16:37:50.173 DEBUG 7984 --- [http-nio-8080-exec-2] com.mycom.more.dao.StudentDao.detail     : ==> Parameters: 4(Integer)
2022-11-08 16:37:50.174 DEBUG 7984 --- [http-nio-8080-exec-2] com.mycom.more.dao.StudentDao.detail     : <==      Total: 1
2022-11-08 16:37:50.835 DEBUG 7984 --- [http-nio-8080-exec-4] com.mycom.more.dao.StudentDao.detail     : ==>  Preparing: select student_id, student_nm, email, phone from student where student_id = ?
2022-11-08 16:37:50.836 DEBUG 7984 --- [http-nio-8080-exec-4] com.mycom.more.dao.StudentDao.detail     : ==> Parameters: 6(Integer)
2022-11-08 16:37:50.837 DEBUG 7984 --- [http-nio-8080-exec-4] com.mycom.more.dao.StudentDao.detail     : <==      Total: 1
2022-11-08 16:37:51.204 DEBUG 7984 --- [http-nio-8080-exec-5] com.mycom.more.dao.StudentDao.detail     : ==>  Preparing: select student_id, student_nm, email, phone from student where student_id = ?
2022-11-08 16:37:51.204 DEBUG 7984 --- [http-nio-8080-exec-5] com.mycom.more.dao.StudentDao.detail     : ==> Parameters: 5(Integer)
2022-11-08 16:37:51.205 DEBUG 7984 --- [http-nio-8080-exec-5] com.mycom.more.dao.StudentDao.detail     : <==      Total: 1
2022-11-08 16:37:52.748 DEBUG 7984 --- [http-nio-8080-exec-6] com.mycom.more.dao.StudentDao.detail     : ==>  Preparing: select student_id, student_nm, email, phone from student where student_id = ?
2022-11-08 16:37:52.748 DEBUG 7984 --- [http-nio-8080-exec-6] com.mycom.more.dao.StudentDao.detail     : ==> Parameters: 7(Integer)
2022-11-08 16:37:52.749 DEBUG 7984 --- [http-nio-8080-exec-6] com.mycom.more.dao.StudentDao.detail     : <==      Total: 1
2022-11-08 16:37:53.589 DEBUG 7984 --- [http-nio-8080-exec-7] com.mycom.more.dao.StudentDao.detail     : ==>  Preparing: select student_id, student_nm, email, phone from student where student_id = ?
2022-11-08 16:37:53.589 DEBUG 7984 --- [http-nio-8080-exec-7] com.mycom.more.dao.StudentDao.detail     : ==> Parameters: 11(Integer)
2022-11-08 16:37:53.590 DEBUG 7984 --- [http-nio-8080-exec-7] com.mycom.more.dao.StudentDao.detail     : <==      Total: 1
2022-11-08 16:37:57.542 DEBUG 7984 --- [http-nio-8080-exec-8] com.mycom.more.dao.StudentDao.list       : ==>  Preparing: select student_id, student_nm, email, phone from student
2022-11-08 16:37:57.542 DEBUG 7984 --- [http-nio-8080-exec-8] com.mycom.more.dao.StudentDao.list       : ==> Parameters: 
2022-11-08 16:37:57.543 DEBUG 7984 --- [http-nio-8080-exec-8] com.mycom.more.dao.StudentDao.list       : <==      Total: 16
2022-11-08 16:37:58.364 DEBUG 7984 --- [http-nio-8080-exec-9] com.mycom.more.dao.StudentDao.list       : ==>  Preparing: select student_id, student_nm, email, phone from student
2022-11-08 16:37:58.365 DEBUG 7984 --- [http-nio-8080-exec-9] com.mycom.more.dao.StudentDao.list       : ==> Parameters: 
2022-11-08 16:37:58.366 DEBUG 7984 --- [http-nio-8080-exec-9] com.mycom.more.dao.StudentDao.list       : <==      Total: 16
2022-11-08 16:38:01.606 DEBUG 7984 --- [http-nio-8080-exec-10] com.mycom.more.dao.StudentDao.list       : ==>  Preparing: select student_id, student_nm, email, phone from student
2022-11-08 16:38:01.606 DEBUG 7984 --- [http-nio-8080-exec-10] com.mycom.more.dao.StudentDao.list       : ==> Parameters: 
2022-11-08 16:38:01.608 DEBUG 7984 --- [http-nio-8080-exec-10] com.mycom.more.dao.StudentDao.list       : <==      Total: 16
2022-11-08 16:38:31.983 DEBUG 7984 --- [http-nio-8080-exec-1] com.mycom.more.dao.StudentDao.list       : ==>  Preparing: select student_id, student_nm, email, phone from student
2022-11-08 16:38:31.984 DEBUG 7984 --- [http-nio-8080-exec-1] com.mycom.more.dao.StudentDao.list       : ==> Parameters: 
2022-11-08 16:38:31.985 DEBUG 7984 --- [http-nio-8080-exec-1] com.mycom.more.dao.StudentDao.list       : <==      Total: 16
2022-11-08 16:38:51.147 DEBUG 7984 --- [http-nio-8080-exec-3] com.mycom.more.dao.StudentDao.list       : ==>  Preparing: select student_id, student_nm, email, phone from student
2022-11-08 16:38:51.148 DEBUG 7984 --- [http-nio-8080-exec-3] com.mycom.more.dao.StudentDao.list       : ==> Parameters: 
2022-11-08 16:38:51.150 DEBUG 7984 --- [http-nio-8080-exec-3] com.mycom.more.dao.StudentDao.list       : <==      Total: 16
2022-11-08 16:39:02.606 DEBUG 7984 --- [http-nio-8080-exec-4] com.mycom.more.dao.StudentDao.insert     : ==>  Preparing: insert into student ( student_nm, email, phone ) values ( ?, ?, ?)
2022-11-08 16:39:02.606 DEBUG 7984 --- [http-nio-8080-exec-4] com.mycom.more.dao.StudentDao.insert     : ==> Parameters: (String), 123123123123(String), 123123(String)
2022-11-08 16:39:02.611 DEBUG 7984 --- [http-nio-8080-exec-4] com.mycom.more.dao.StudentDao.insert     : <==    Updates: 1
2022-11-08 16:39:02.619 DEBUG 7984 --- [http-nio-8080-exec-5] com.mycom.more.dao.StudentDao.list       : ==>  Preparing: select student_id, student_nm, email, phone from student
2022-11-08 16:39:02.619 DEBUG 7984 --- [http-nio-8080-exec-5] com.mycom.more.dao.StudentDao.list       : ==> Parameters: 
2022-11-08 16:39:02.620 DEBUG 7984 --- [http-nio-8080-exec-5] com.mycom.more.dao.StudentDao.list       : <==      Total: 17
2022-11-08 16:39:37.316 DEBUG 7984 --- [http-nio-8080-exec-6] com.mycom.more.dao.StudentDao.list       : ==>  Preparing: select student_id, student_nm, email, phone from student
2022-11-08 16:39:37.316 DEBUG 7984 --- [http-nio-8080-exec-6] com.mycom.more.dao.StudentDao.list       : ==> Parameters: 
2022-11-08 16:39:37.318 DEBUG 7984 --- [http-nio-8080-exec-6] com.mycom.more.dao.StudentDao.list       : <==      Total: 17
2022-11-08 16:40:14.014 DEBUG 7984 --- [http-nio-8080-exec-7] com.mycom.more.dao.StudentDao.list       : ==>  Preparing: select student_id, student_nm, email, phone from student
2022-11-08 16:40:14.014 DEBUG 7984 --- [http-nio-8080-exec-7] com.mycom.more.dao.StudentDao.list       : ==> Parameters: 
2022-11-08 16:40:14.016 DEBUG 7984 --- [http-nio-8080-exec-7] com.mycom.more.dao.StudentDao.list       : <==      Total: 17
2022-11-08 16:40:19.894 DEBUG 7984 --- [http-nio-8080-exec-8] com.mycom.more.dao.StudentDao.list       : ==>  Preparing: select student_id, student_nm, email, phone from student
2022-11-08 16:40:19.894 DEBUG 7984 --- [http-nio-8080-exec-8] com.mycom.more.dao.StudentDao.list       : ==> Parameters: 
2022-11-08 16:40:19.896 DEBUG 7984 --- [http-nio-8080-exec-8] com.mycom.more.dao.StudentDao.list       : <==      Total: 17
2022-11-08 16:40:22.694 DEBUG 7984 --- [http-nio-8080-exec-9] com.mycom.more.dao.StudentDao.list       : ==>  Preparing: select student_id, student_nm, email, phone from student
2022-11-08 16:40:22.695 DEBUG 7984 --- [http-nio-8080-exec-9] com.mycom.more.dao.StudentDao.list       : ==> Parameters: 
2022-11-08 16:40:22.696 DEBUG 7984 --- [http-nio-8080-exec-9] com.mycom.more.dao.StudentDao.list       : <==      Total: 17
2022-11-08 16:40:24.986 DEBUG 7984 --- [http-nio-8080-exec-10] com.mycom.more.dao.StudentDao.detail     : ==>  Preparing: select student_id, student_nm, email, phone from student where student_id = ?
2022-11-08 16:40:24.986 DEBUG 7984 --- [http-nio-8080-exec-10] com.mycom.more.dao.StudentDao.detail     : ==> Parameters: 13(Integer)
2022-11-08 16:40:24.987 DEBUG 7984 --- [http-nio-8080-exec-10] com.mycom.more.dao.StudentDao.detail     : <==      Total: 1
2022-11-08 16:40:27.790 DEBUG 7984 --- [http-nio-8080-exec-3] com.mycom.more.dao.StudentDao.update     : ==>  Preparing: update student set student_nm = ? ,email = ? ,phone = ? where student_id = ?
2022-11-08 16:40:27.791 DEBUG 7984 --- [http-nio-8080-exec-3] com.mycom.more.dao.StudentDao.update     : ==> Parameters: null, null, null, 0(Integer)
2022-11-08 16:40:27.796 DEBUG 7984 --- [http-nio-8080-exec-3] com.mycom.more.dao.StudentDao.update     : <==    Updates: 0
2022-11-08 16:40:27.802 DEBUG 7984 --- [http-nio-8080-exec-2] com.mycom.more.dao.StudentDao.list       : ==>  Preparing: select student_id, student_nm, email, phone from student
2022-11-08 16:40:27.802 DEBUG 7984 --- [http-nio-8080-exec-2] com.mycom.more.dao.StudentDao.list       : ==> Parameters: 
2022-11-08 16:40:27.803 DEBUG 7984 --- [http-nio-8080-exec-2] com.mycom.more.dao.StudentDao.list       : <==      Total: 17
2022-11-08 16:40:29.112 DEBUG 7984 --- [http-nio-8080-exec-4] com.mycom.more.dao.StudentDao.list       : ==>  Preparing: select student_id, student_nm, email, phone from student
2022-11-08 16:40:29.113 DEBUG 7984 --- [http-nio-8080-exec-4] com.mycom.more.dao.StudentDao.list       : ==> Parameters: 
2022-11-08 16:40:29.114 DEBUG 7984 --- [http-nio-8080-exec-4] com.mycom.more.dao.StudentDao.list       : <==      Total: 17
2022-11-08 16:41:22.636 DEBUG 7984 --- [http-nio-8080-exec-5] com.mycom.more.dao.StudentDao.list       : ==>  Preparing: select student_id, student_nm, email, phone from student
2022-11-08 16:41:22.636 DEBUG 7984 --- [http-nio-8080-exec-5] com.mycom.more.dao.StudentDao.list       : ==> Parameters: 
2022-11-08 16:41:22.637 DEBUG 7984 --- [http-nio-8080-exec-5] com.mycom.more.dao.StudentDao.list       : <==      Total: 17
2022-11-08 16:41:36.721 DEBUG 7984 --- [http-nio-8080-exec-6] com.mycom.more.dao.StudentDao.list       : ==>  Preparing: select student_id, student_nm, email, phone from student
2022-11-08 16:41:36.722 DEBUG 7984 --- [http-nio-8080-exec-6] com.mycom.more.dao.StudentDao.list       : ==> Parameters: 
2022-11-08 16:41:36.723 DEBUG 7984 --- [http-nio-8080-exec-6] com.mycom.more.dao.StudentDao.list       : <==      Total: 17
2022-11-08 16:41:44.391 DEBUG 7984 --- [http-nio-8080-exec-7] com.mycom.more.dao.StudentDao.list       : ==>  Preparing: select student_id, student_nm, email, phone from student
2022-11-08 16:41:44.392 DEBUG 7984 --- [http-nio-8080-exec-7] com.mycom.more.dao.StudentDao.list       : ==> Parameters: 
2022-11-08 16:41:44.393 DEBUG 7984 --- [http-nio-8080-exec-7] com.mycom.more.dao.StudentDao.list       : <==      Total: 17
2022-11-08 16:41:48.918 DEBUG 7984 --- [http-nio-8080-exec-8] com.mycom.more.dao.StudentDao.list       : ==>  Preparing: select student_id, student_nm, email, phone from student
2022-11-08 16:41:48.919 DEBUG 7984 --- [http-nio-8080-exec-8] com.mycom.more.dao.StudentDao.list       : ==> Parameters: 
2022-11-08 16:41:48.920 DEBUG 7984 --- [http-nio-8080-exec-8] com.mycom.more.dao.StudentDao.list       : <==      Total: 17
2022-11-08 16:41:49.619 DEBUG 7984 --- [http-nio-8080-exec-9] com.mycom.more.dao.StudentDao.detail     : ==>  Preparing: select student_id, student_nm, email, phone from student where student_id = ?
2022-11-08 16:41:49.619 DEBUG 7984 --- [http-nio-8080-exec-9] com.mycom.more.dao.StudentDao.detail     : ==> Parameters: 13(Integer)
2022-11-08 16:41:49.620 DEBUG 7984 --- [http-nio-8080-exec-9] com.mycom.more.dao.StudentDao.detail     : <==      Total: 1
2022-11-08 16:41:51.876 DEBUG 7984 --- [http-nio-8080-exec-10] com.mycom.more.dao.StudentDao.update     : ==>  Preparing: update student set student_nm = ? ,email = ? ,phone = ? where student_id = ?
2022-11-08 16:41:51.877 DEBUG 7984 --- [http-nio-8080-exec-10] com.mycom.more.dao.StudentDao.update     : ==> Parameters: (String), test(String), 1234(String), 13(Integer)
2022-11-08 16:41:51.877 DEBUG 7984 --- [http-nio-8080-exec-10] com.mycom.more.dao.StudentDao.update     : <==    Updates: 1
2022-11-08 16:41:51.889 DEBUG 7984 --- [http-nio-8080-exec-1] com.mycom.more.dao.StudentDao.list       : ==>  Preparing: select student_id, student_nm, email, phone from student
2022-11-08 16:41:51.889 DEBUG 7984 --- [http-nio-8080-exec-1] com.mycom.more.dao.StudentDao.list       : ==> Parameters: 
2022-11-08 16:41:51.890 DEBUG 7984 --- [http-nio-8080-exec-1] com.mycom.more.dao.StudentDao.list       : <==      Total: 17
2022-11-08 16:41:56.844 DEBUG 7984 --- [http-nio-8080-exec-3] com.mycom.more.dao.StudentDao.detail     : ==>  Preparing: select student_id, student_nm, email, phone from student where student_id = ?
2022-11-08 16:41:56.844 DEBUG 7984 --- [http-nio-8080-exec-3] com.mycom.more.dao.StudentDao.detail     : ==> Parameters: 21(Integer)
2022-11-08 16:41:56.845 DEBUG 7984 --- [http-nio-8080-exec-3] com.mycom.more.dao.StudentDao.detail     : <==      Total: 1
2022-11-08 16:41:57.581 DEBUG 7984 --- [http-nio-8080-exec-2] com.mycom.more.dao.StudentDao.detail     : ==>  Preparing: select student_id, student_nm, email, phone from student where student_id = ?
2022-11-08 16:41:57.581 DEBUG 7984 --- [http-nio-8080-exec-2] com.mycom.more.dao.StudentDao.detail     : ==> Parameters: 21(Integer)
2022-11-08 16:41:57.581 DEBUG 7984 --- [http-nio-8080-exec-2] com.mycom.more.dao.StudentDao.detail     : <==      Total: 1
2022-11-08 16:41:57.588 DEBUG 7984 --- [http-nio-8080-exec-4] com.mycom.more.dao.StudentDao.list       : ==>  Preparing: select student_id, student_nm, email, phone from student
2022-11-08 16:41:57.588 DEBUG 7984 --- [http-nio-8080-exec-4] com.mycom.more.dao.StudentDao.list       : ==> Parameters: 
2022-11-08 16:41:57.589 DEBUG 7984 --- [http-nio-8080-exec-4] com.mycom.more.dao.StudentDao.list       : <==      Total: 17
2022-11-08 16:41:59.398 DEBUG 7984 --- [http-nio-8080-exec-5] com.mycom.more.dao.StudentDao.list       : ==>  Preparing: select student_id, student_nm, email, phone from student
2022-11-08 16:41:59.399 DEBUG 7984 --- [http-nio-8080-exec-5] com.mycom.more.dao.StudentDao.list       : ==> Parameters: 
2022-11-08 16:41:59.400 DEBUG 7984 --- [http-nio-8080-exec-5] com.mycom.more.dao.StudentDao.list       : <==      Total: 17
2022-11-08 16:42:07.134 DEBUG 7984 --- [http-nio-8080-exec-6] com.mycom.more.dao.StudentDao.list       : ==>  Preparing: select student_id, student_nm, email, phone from student
2022-11-08 16:42:07.135 DEBUG 7984 --- [http-nio-8080-exec-6] com.mycom.more.dao.StudentDao.list       : ==> Parameters: 
2022-11-08 16:42:07.136 DEBUG 7984 --- [http-nio-8080-exec-6] com.mycom.more.dao.StudentDao.list       : <==      Total: 17
2022-11-08 16:42:10.458 DEBUG 7984 --- [http-nio-8080-exec-7] com.mycom.more.dao.StudentDao.list       : ==>  Preparing: select student_id, student_nm, email, phone from student
2022-11-08 16:42:10.458 DEBUG 7984 --- [http-nio-8080-exec-7] com.mycom.more.dao.StudentDao.list       : ==> Parameters: 
2022-11-08 16:42:10.459 DEBUG 7984 --- [http-nio-8080-exec-7] com.mycom.more.dao.StudentDao.list       : <==      Total: 17
2022-11-08 16:42:11.364 DEBUG 7984 --- [http-nio-8080-exec-8] com.mycom.more.dao.StudentDao.detail     : ==>  Preparing: select student_id, student_nm, email, phone from student where student_id = ?
2022-11-08 16:42:11.364 DEBUG 7984 --- [http-nio-8080-exec-8] com.mycom.more.dao.StudentDao.detail     : ==> Parameters: 21(Integer)
2022-11-08 16:42:11.365 DEBUG 7984 --- [http-nio-8080-exec-8] com.mycom.more.dao.StudentDao.detail     : <==      Total: 1
2022-11-08 16:42:11.926 DEBUG 7984 --- [http-nio-8080-exec-10] com.mycom.more.dao.StudentDao.delete     : ==>  Preparing: delete from student where student_id = ?
2022-11-08 16:42:11.926 DEBUG 7984 --- [http-nio-8080-exec-10] com.mycom.more.dao.StudentDao.delete     : ==> Parameters: 21(Integer)
2022-11-08 16:42:11.929 DEBUG 7984 --- [http-nio-8080-exec-10] com.mycom.more.dao.StudentDao.delete     : <==    Updates: 1
2022-11-08 16:42:11.938 DEBUG 7984 --- [http-nio-8080-exec-1] com.mycom.more.dao.StudentDao.list       : ==>  Preparing: select student_id, student_nm, email, phone from student
2022-11-08 16:42:11.938 DEBUG 7984 --- [http-nio-8080-exec-1] com.mycom.more.dao.StudentDao.list       : ==> Parameters: 
2022-11-08 16:42:11.939 DEBUG 7984 --- [http-nio-8080-exec-1] com.mycom.more.dao.StudentDao.list       : <==      Total: 16
2022-11-08 16:42:12.863 DEBUG 7984 --- [http-nio-8080-exec-3] com.mycom.more.dao.StudentDao.list       : ==>  Preparing: select student_id, student_nm, email, phone from student
2022-11-08 16:42:12.863 DEBUG 7984 --- [http-nio-8080-exec-3] com.mycom.more.dao.StudentDao.list       : ==> Parameters: 
2022-11-08 16:42:12.864 DEBUG 7984 --- [http-nio-8080-exec-3] com.mycom.more.dao.StudentDao.list       : <==      Total: 16
2022-11-08 16:51:53.402 DEBUG 7984 --- [http-nio-8080-exec-4] com.mycom.more.dao.StudentDao.list       : ==>  Preparing: select student_id, student_nm, email, phone from student
2022-11-08 16:51:53.403 DEBUG 7984 --- [http-nio-8080-exec-4] com.mycom.more.dao.StudentDao.list       : ==> Parameters: 
2022-11-08 16:51:53.404 DEBUG 7984 --- [http-nio-8080-exec-4] com.mycom.more.dao.StudentDao.list       : <==      Total: 16
2022-11-08 16:52:23.532 DEBUG 7984 --- [http-nio-8080-exec-5] com.mycom.more.dao.StudentDao.insert     : ==>  Preparing: insert into student ( student_nm, email, phone ) values ( ?, ?, ?)
2022-11-08 16:52:23.532 DEBUG 7984 --- [http-nio-8080-exec-5] com.mycom.more.dao.StudentDao.insert     : ==> Parameters: 999(String), 999(String), 999(String)
2022-11-08 16:52:23.533 DEBUG 7984 --- [http-nio-8080-exec-5] com.mycom.more.dao.StudentDao.insert     : <==    Updates: 1
2022-11-08 16:52:23.542 DEBUG 7984 --- [http-nio-8080-exec-6] com.mycom.more.dao.StudentDao.list       : ==>  Preparing: select student_id, student_nm, email, phone from student
2022-11-08 16:52:23.542 DEBUG 7984 --- [http-nio-8080-exec-6] com.mycom.more.dao.StudentDao.list       : ==> Parameters: 
2022-11-08 16:52:23.543 DEBUG 7984 --- [http-nio-8080-exec-6] com.mycom.more.dao.StudentDao.list       : <==      Total: 17
2022-11-08 16:53:58.954 DEBUG 7984 --- [http-nio-8080-exec-8] com.mycom.more.dao.StudentDao.detail     : ==>  Preparing: select student_id, student_nm, email, phone from student where student_id = ?
2022-11-08 16:53:58.955 DEBUG 7984 --- [http-nio-8080-exec-8] com.mycom.more.dao.StudentDao.detail     : ==> Parameters: 22(Integer)
2022-11-08 16:53:58.955 DEBUG 7984 --- [http-nio-8080-exec-8] com.mycom.more.dao.StudentDao.detail     : <==      Total: 1
2022-11-08 16:54:10.312 DEBUG 7984 --- [http-nio-8080-exec-9] com.mycom.more.dao.StudentDao.list       : ==>  Preparing: select student_id, student_nm, email, phone from student
2022-11-08 16:54:10.312 DEBUG 7984 --- [http-nio-8080-exec-9] com.mycom.more.dao.StudentDao.list       : ==> Parameters: 
2022-11-08 16:54:10.313 DEBUG 7984 --- [http-nio-8080-exec-9] com.mycom.more.dao.StudentDao.list       : <==      Total: 17
2022-11-08 16:54:11.284 DEBUG 7984 --- [http-nio-8080-exec-10] com.mycom.more.dao.StudentDao.list       : ==>  Preparing: select student_id, student_nm, email, phone from student
2022-11-08 16:54:11.285 DEBUG 7984 --- [http-nio-8080-exec-10] com.mycom.more.dao.StudentDao.list       : ==> Parameters: 
2022-11-08 16:54:11.286 DEBUG 7984 --- [http-nio-8080-exec-10] com.mycom.more.dao.StudentDao.list       : <==      Total: 17
2022-11-08 16:54:11.516 DEBUG 7984 --- [http-nio-8080-exec-1] com.mycom.more.dao.StudentDao.list       : ==>  Preparing: select student_id, student_nm, email, phone from student
2022-11-08 16:54:11.516 DEBUG 7984 --- [http-nio-8080-exec-1] com.mycom.more.dao.StudentDao.list       : ==> Parameters: 
2022-11-08 16:54:11.517 DEBUG 7984 --- [http-nio-8080-exec-1] com.mycom.more.dao.StudentDao.list       : <==      Total: 17
2022-11-08 16:54:12.667 DEBUG 7984 --- [http-nio-8080-exec-3] com.mycom.more.dao.StudentDao.detail     : ==>  Preparing: select student_id, student_nm, email, phone from student where student_id = ?
2022-11-08 16:54:12.667 DEBUG 7984 --- [http-nio-8080-exec-3] com.mycom.more.dao.StudentDao.detail     : ==> Parameters: 13(Integer)
2022-11-08 16:54:12.668 DEBUG 7984 --- [http-nio-8080-exec-3] com.mycom.more.dao.StudentDao.detail     : <==      Total: 1
2022-11-08 16:54:16.409 DEBUG 7984 --- [http-nio-8080-exec-2] com.mycom.more.dao.StudentDao.update     : ==>  Preparing: update student set student_nm = ? ,email = ? ,phone = ? where student_id = ?
2022-11-08 16:54:16.410 DEBUG 7984 --- [http-nio-8080-exec-2] com.mycom.more.dao.StudentDao.update     : ==> Parameters: (String), (String), 1234(String), 13(Integer)
2022-11-08 16:54:16.411 DEBUG 7984 --- [http-nio-8080-exec-2] com.mycom.more.dao.StudentDao.update     : <==    Updates: 1
2022-11-08 16:54:16.421 DEBUG 7984 --- [http-nio-8080-exec-4] com.mycom.more.dao.StudentDao.list       : ==>  Preparing: select student_id, student_nm, email, phone from student
2022-11-08 16:54:16.421 DEBUG 7984 --- [http-nio-8080-exec-4] com.mycom.more.dao.StudentDao.list       : ==> Parameters: 
2022-11-08 16:54:16.422 DEBUG 7984 --- [http-nio-8080-exec-4] com.mycom.more.dao.StudentDao.list       : <==      Total: 17
2022-11-08 18:01:03.331  INFO 7984 --- [RMI TCP Connection(95)-127.0.0.1] inMXBeanRegistrar$SpringApplicationAdmin : Application shutdown requested.
2022-11-08 18:01:03.407  INFO 7984 --- [RMI TCP Connection(95)-127.0.0.1] o.apache.catalina.core.StandardService   : Stopping service [Tomcat]
2022-11-08 18:01:03.409  INFO 7984 --- [RMI TCP Connection(95)-127.0.0.1] o.a.c.c.C.[Tomcat].[localhost].[/]       : Destroying Spring FrameworkServlet 'dispatcherServlet'
2022-11-08 18:01:03.412  WARN 7984 --- [RMI TCP Connection(95)-127.0.0.1] o.a.c.loader.WebappClassLoaderBase       : The web application [ROOT] appears to have started a thread named [HikariPool-1 housekeeper] but has failed to stop it. This is very likely to create a memory leak. Stack trace of thread:
 sun.misc.Unsafe.park(Native Method)
 java.util.concurrent.locks.LockSupport.parkNanos(LockSupport.java:215)
 java.util.concurrent.locks.AbstractQueuedSynchronizer$ConditionObject.awaitNanos(AbstractQueuedSynchronizer.java:2078)
 java.util.concurrent.ScheduledThreadPoolExecutor$DelayedWorkQueue.take(ScheduledThreadPoolExecutor.java:1093)
 java.util.concurrent.ScheduledThreadPoolExecutor$DelayedWorkQueue.take(ScheduledThreadPoolExecutor.java:809)
 java.util.concurrent.ThreadPoolExecutor.getTask(ThreadPoolExecutor.java:1074)
 java.util.concurrent.ThreadPoolExecutor.runWorker(ThreadPoolExecutor.java:1134)
 java.util.concurrent.ThreadPoolExecutor$Worker.run(ThreadPoolExecutor.java:624)
 java.lang.Thread.run(Thread.java:748)
2022-11-08 18:01:03.416  INFO 7984 --- [RMI TCP Connection(95)-127.0.0.1] com.zaxxer.hikari.HikariDataSource       : HikariPool-1 - Shutdown initiated...
2022-11-08 18:01:03.418  INFO 7984 --- [RMI TCP Connection(95)-127.0.0.1] com.zaxxer.hikari.HikariDataSource       : HikariPool-1 - Shutdown completed.
